LOG:  00000: statement: DROP SCHEMA schema_one, schema_two CASCADE;
LOCATION:  exec_simple_query, postgres.c:938
NOTICE:  00000: test_event_trigger: ddl_command_start DROP SCHEMA
LOCATION:  exec_stmt_raise, pl_exec.c:3216
STATEMENT:  DROP SCHEMA schema_one, schema_two CASCADE;
NOTICE:  00000: drop cascades to 7 other objects
DETAIL:  drop cascades to table schema_two.table_two
	drop cascades to table schema_two.table_three
	drop cascades to function schema_two.add(integer,integer)
	drop cascades to function schema_two.newton(integer)
	drop cascades to table schema_one.table_one
	drop cascades to table schema_one."table two"
	drop cascades to table schema_one.table_three
LOCATION:  reportDependentObjects, dependency.c:1003
STATEMENT:  DROP SCHEMA schema_one, schema_two CASCADE;
NOTICE:  00000: test_event_trigger: ddl_command_start DROP TABLE
CONTEXT:  SQL statement "DROP TABLE IF EXISTS audit_tbls.schema_two_table_two"
	PL/pgSQL function test_evtrig_dropped_objects() line 1 at EXECUTE
LOCATION:  exec_stmt_raise, pl_exec.c:3216
STATEMENT:  DROP SCHEMA schema_one, schema_two CASCADE;
NOTICE:  00000: table "schema_two_table_two" does not exist, skipping
CONTEXT:  SQL statement "DROP TABLE IF EXISTS audit_tbls.schema_two_table_two"
	PL/pgSQL function test_evtrig_dropped_objects() line 1 at EXECUTE
LOCATION:  DropErrorMsgNonExistent, tablecmds.c:760
STATEMENT:  DROP SCHEMA schema_one, schema_two CASCADE;
NOTICE:  00000: test_event_trigger: ddl_command_start DROP TABLE
CONTEXT:  SQL statement "DROP TABLE IF EXISTS audit_tbls.schema_two_table_three"
	PL/pgSQL function test_evtrig_dropped_objects() line 1 at EXECUTE
LOCATION:  exec_stmt_raise, pl_exec.c:3216
STATEMENT:  DROP SCHEMA schema_one, schema_two CASCADE;
NOTICE:  00000: test_event_trigger: ddl_command_start DROP TABLE
CONTEXT:  SQL statement "DROP TABLE IF EXISTS audit_tbls.audit_tbls_schema_two_table_three"
	PL/pgSQL function test_evtrig_dropped_objects() line 1 at EXECUTE
	SQL statement "DROP TABLE IF EXISTS audit_tbls.schema_two_table_three"
	PL/pgSQL function test_evtrig_dropped_objects() line 1 at EXECUTE
LOCATION:  exec_stmt_raise, pl_exec.c:3216
STATEMENT:  DROP SCHEMA schema_one, schema_two CASCADE;
NOTICE:  00000: table "audit_tbls_schema_two_table_three" does not exist, skipping
CONTEXT:  SQL statement "DROP TABLE IF EXISTS audit_tbls.audit_tbls_schema_two_table_three"
	PL/pgSQL function test_evtrig_dropped_objects() line 1 at EXECUTE
	SQL statement "DROP TABLE IF EXISTS audit_tbls.schema_two_table_three"
	PL/pgSQL function test_evtrig_dropped_objects() line 1 at EXECUTE
LOCATION:  DropErrorMsgNonExistent, tablecmds.c:760
STATEMENT:  DROP SCHEMA schema_one, schema_two CASCADE;
NOTICE:  00000: test_event_trigger: ddl_command_start DROP TABLE
CONTEXT:  SQL statement "DROP TABLE IF EXISTS audit_tbls.schema_one_table_one"
	PL/pgSQL function test_evtrig_dropped_objects() line 1 at EXECUTE
LOCATION:  exec_stmt_raise, pl_exec.c:3216
STATEMENT:  DROP SCHEMA schema_one, schema_two CASCADE;
NOTICE:  00000: table "schema_one_table_one" does not exist, skipping
CONTEXT:  SQL statement "DROP TABLE IF EXISTS audit_tbls.schema_one_table_one"
	PL/pgSQL function test_evtrig_dropped_objects() line 1 at EXECUTE
LOCATION:  DropErrorMsgNonExistent, tablecmds.c:760
STATEMENT:  DROP SCHEMA schema_one, schema_two CASCADE;
NOTICE:  00000: test_event_trigger: ddl_command_start DROP TABLE
CONTEXT:  SQL statement "DROP TABLE IF EXISTS audit_tbls."schema_one_table two""
	PL/pgSQL function test_evtrig_dropped_objects() line 1 at EXECUTE
LOCATION:  exec_stmt_raise, pl_exec.c:3216
STATEMENT:  DROP SCHEMA schema_one, schema_two CASCADE;
NOTICE:  00000: table "schema_one_table two" does not exist, skipping
CONTEXT:  SQL statement "DROP TABLE IF EXISTS audit_tbls."schema_one_table two""
	PL/pgSQL function test_evtrig_dropped_objects() line 1 at EXECUTE
LOCATION:  DropErrorMsgNonExistent, tablecmds.c:760
STATEMENT:  DROP SCHEMA schema_one, schema_two CASCADE;
NOTICE:  00000: test_event_trigger: ddl_command_start DROP TABLE
CONTEXT:  SQL statement "DROP TABLE IF EXISTS audit_tbls.schema_one_table_three"
	PL/pgSQL function test_evtrig_dropped_objects() line 1 at EXECUTE
LOCATION:  exec_stmt_raise, pl_exec.c:3216
STATEMENT:  DROP SCHEMA schema_one, schema_two CASCADE;
NOTICE:  00000: table "schema_one_table_three" does not exist, skipping
CONTEXT:  SQL statement "DROP TABLE IF EXISTS audit_tbls.schema_one_table_three"
	PL/pgSQL function test_evtrig_dropped_objects() line 1 at EXECUTE
LOCATION:  DropErrorMsgNonExistent, tablecmds.c:760
STATEMENT:  DROP SCHEMA schema_one, schema_two CASCADE;
ERROR:  P0001: object schema_one.table_three of type table cannot be dropped
LOCATION:  exec_stmt_raise, pl_exec.c:3216
STATEMENT:  DROP SCHEMA schema_one, schema_two CASCADE;
