1_abstime
2_advisory_lock
3_aggregates
4_alter_generic
5_alter_table
6_arrays
7_async
8_bitmapops
9_bit
10_boolean
11_box
12_brin
13_btree_index
14_case
15_char
16_circle
17_cluster
18_collate.linux.utf8
19_collate
20_combocid
21_comments
22_conversion
23_copy2
24_copyselect
25_create_aggregate
26_create_cast
27_create_function_3
28_create_index
29_create_misc
30_create_operator
31_create_table_like
32_create_table
33_create_type
34_create_view
35_date
36_delete
37_dependency
38_domain
39_drop_if_exists
40_enum
41_equivclass
42_errors
43_event_trigger
44_float4
45_float8
46_foreign_data
47_foreign_key
48_functional_deps
49_geometry
50_gin
51_gist
52_groupingsets
53_guc
54_hash_index
55_horology
56_hs_primary_extremes
57_hs_primary_setup
58_hs_standby_allowed
59_hs_standby_check
60_hs_standby_disallowed
61_hs_standby_functions
62_indirect_toast
63_inet
64_inherit
65_insert_conflict
66_insert
67_int2
68_int4
69_int8
70_interval
71_join
72_jsonb
73_json_encoding
74_json
75_limit
76_line
77_lock
78_lseg
79_macaddr
80_matview
81_money
82_namespace
83_name
84_numeric_a
85_numeric_big
86_numerology
87_object_address
88_oidjoins
89_oid
90_opr_sanity
91_path
92_pg_lsn
93_plancache
94_plpgsql
95_point
96_polygon
97_polymorphism
98_portals_p2
99_portals
100_prepared_xacts
101_prepare
102_privileges
103_psql
104_random
105_rangefuncs
106_rangetypes
107_regex
108_regproc
109_reltime
110_replica_identity
111_returning
112_roleattributes
113_rolenames
114_rowsecurity
115_rowtypes
116_rules
117_sanity_check
118_security_label
119_select_distinct_on
120_select_distinct
121_select_having
122_select_implicit
123_select_into
124_select
125_select_views
126_sequence
127_spgist
128_stats
129_strings
130_subselect
131_tablesample
132_temp
133_text
134_time
135_timestamp
136_timestamptz
137_timetz
138_tinterval
139_transactions
140_triggers
141_truncate
142_tsdicts
143_tsearch
144_tstypes
145_txid
146_typed_table
147_type_sanity
148_union
149_updatable_views
150_update
151_uuid
152_vacuum
153_varchar
154_window
155_without_oid
156_with
157_xmlmap
158_xml
