set standard_conforming_strings = on;
select 'bbbbb' ~ '^([bc])\1*$' as t;
select 'ccc' ~ '^([bc])\1*$' as t;
select 'xxx' ~ '^([bc])\1*$' as f;
select 'bbc' ~ '^([bc])\1*$' as f;
select 'b' ~ '^([bc])\1*$' as t;
select 'abc abc abc' ~ '^(\w+)( \1)+$' as t;
select 'abc abd abc' ~ '^(\w+)( \1)+$' as f;
select 'abc abc abd' ~ '^(\w+)( \1)+$' as f;
select 'abc abc abc' ~ '^(.+)( \1)+$' as t;
select 'abc abd abc' ~ '^(.+)( \1)+$' as f;
select 'abc abc abd' ~ '^(.+)( \1)+$' as f;
select substring('asd TO foo' from ' TO (([a-z0-9._]+|"([^"]+|"")+")+)');
select substring('a' from '((a))+');
select substring('a' from '((a)+)');
explain (costs off) select * from pg_proc where proname ~ 'abc';
explain (costs off) select * from pg_proc where proname ~ '^abc';
explain (costs off) select * from pg_proc where proname ~ '^abc$';
explain (costs off) select * from pg_proc where proname ~ '^abcd*e';
explain (costs off) select * from pg_proc where proname ~ '^abc+d';
explain (costs off) select * from pg_proc where proname ~ '^(abc)(def)';
explain (costs off) select * from pg_proc where proname ~ '^(abc)$';
explain (costs off) select * from pg_proc where proname ~ '^(abc)?d';
explain (costs off) select * from pg_proc where proname ~ '^abcd(x|(?=\w\w)q)';
select 'a' ~ '($|^)*';
select 'a' ~ '(^)+^';
select 'a' ~ '$($$)+';
select 'a' ~ '($^)+';
select 'a' ~ '(^$)*';
select 'aa bb cc' ~ '(^(?!aa))+';
select 'aa x' ~ '(^(?!aa)(?!bb)(?!cc))+';
select 'bb x' ~ '(^(?!aa)(?!bb)(?!cc))+';
select 'cc x' ~ '(^(?!aa)(?!bb)(?!cc))+';
select 'dd x' ~ '(^(?!aa)(?!bb)(?!cc))+';
select 'a' ~ '((((((a)*)*)*)*)*)*';
select 'a' ~ '((((((a+|)+|)+|)+|)+|)+|)';
select 'x' ~ 'abcd(\m)+xyz';
select 'a' ~ '^abcd*(((((^(a c(e?d)a+|)+|)+|)+|)+|a)+|)';
select 'x' ~ 'a^(^)bcd*xy(((((($a+|)+|)+|)+$|)+|)+|)^$';
select 'x' ~ 'xyz(\Y\Y)+';
select 'x' ~ 'x|(?:\M)+';
select 'x' ~ repeat('x*y*z*', 1000);
select 'Programmer' ~ '(\w).*?\1' as t;
select regexp_matches('Programmer', '(\w)(.*?\1)', 'g');
select regexp_matches('foo/bar/baz',  '^([^/]+?)(?:/([^/]+?))(?:/([^/]+?))?$', '');
select 'a' ~ '$()|^\1';
select 'a' ~ '.. ()|\1';
select 'a' ~ '()*\1';
select 'a' ~ '()+\1';
select 'xyz' ~ 'x(\w)(?=\1)';
select 'xyz' ~ 'x(\w)(?=(\1))';
select 'a' ~ '\x7fffffff';
