CREATE TABLE test_replica_identity (  id serial primary key,  keya text not null,  keyb text not null,  nonkey text,  CONSTRAINT test_replica_identity_unique_defer UNIQUE (keya, keyb) DEFERRABLE,  CONSTRAINT test_replica_identity_unique_nondefer UNIQUE (keya, keyb)  ) WITH OIDS;
CREATE TABLE test_replica_identity_othertable (id serial primary key);
CREATE INDEX test_replica_identity_keyab ON test_replica_identity (keya, keyb);
CREATE UNIQUE INDEX test_replica_identity_keyab_key ON test_replica_identity (keya, keyb);
CREATE UNIQUE INDEX test_replica_identity_oid_idx ON test_replica_identity (oid);
CREATE UNIQUE INDEX test_replica_identity_nonkey ON test_replica_identity (keya, nonkey);
CREATE INDEX test_replica_identity_hash ON test_replica_identity USING hash (nonkey);
CREATE UNIQUE INDEX test_replica_identity_expr ON test_replica_identity (keya, keyb, (3));
CREATE UNIQUE INDEX test_replica_identity_partial ON test_replica_identity (keya, keyb) WHERE keyb != '3';
SELECT relreplident FROM pg_class WHERE oid = 'test_replica_identity'::regclass;
SELECT relreplident FROM pg_class WHERE oid = 'pg_class'::regclass;
SELECT relreplident FROM pg_class WHERE oid = 'pg_constraint'::regclass;
ALTER TABLE test_replica_identity REPLICA IDENTITY USING INDEX test_replica_identity_keyab;
ALTER TABLE test_replica_identity REPLICA IDENTITY USING INDEX test_replica_identity_nonkey;
ALTER TABLE test_replica_identity REPLICA IDENTITY USING INDEX test_replica_identity_hash;
ALTER TABLE test_replica_identity REPLICA IDENTITY USING INDEX test_replica_identity_expr;
ALTER TABLE test_replica_identity REPLICA IDENTITY USING INDEX test_replica_identity_partial;
ALTER TABLE test_replica_identity REPLICA IDENTITY USING INDEX test_replica_identity_othertable_pkey;
ALTER TABLE test_replica_identity REPLICA IDENTITY USING INDEX test_replica_identity_unique_defer;
SELECT relreplident FROM pg_class WHERE oid = 'test_replica_identity'::regclass;
ALTER TABLE test_replica_identity REPLICA IDENTITY USING INDEX test_replica_identity_pkey;
SELECT relreplident FROM pg_class WHERE oid = 'test_replica_identity'::regclass;
SELECT c.oid,  n.nspname,  c.relname  FROM pg_catalog.pg_class c  LEFT JOIN pg_catalog.pg_namespace n ON n.oid = c.relnamespace  WHERE c.relname ~ '^(test_replica_identity)$'  AND pg_catalog.pg_table_is_visible(c.oid)  ORDER BY 2, 3;
SELECT c.relchecks, c.relkind, c.relhasindex, c.relhasrules, c.relhastriggers, c.relrowsecurity, c.relforcerowsecurity, c.relhasoids, '', c.reltablespace, CASE WHEN c.reloftype = 0 THEN '' ELSE c.reloftype::pg_catalog.regtype::pg_catalog.text END, c.relpersistence, c.relreplident FROM pg_catalog.pg_class c  LEFT JOIN pg_catalog.pg_class tc ON (c.reltoastrelid = tc.oid)  WHERE c.oid = '26312';
SELECT a.attname,  pg_catalog.format_type(a.atttypid, a.atttypmod),  (SELECT substring(pg_catalog.pg_get_expr(d.adbin, d.adrelid) for 128)  FROM pg_catalog.pg_attrdef d  WHERE d.adrelid = a.attrelid AND d.adnum = a.attnum AND a.atthasdef),  a.attnotnull, a.attnum,  (SELECT c.collname FROM pg_catalog.pg_collation c, pg_catalog.pg_type t  WHERE c.oid = a.attcollation AND t.oid = a.atttypid AND a.attcollation <> t.typcollation) AS attcollation,  NULL AS indexdef,  NULL AS attfdwoptions  FROM pg_catalog.pg_attribute a  WHERE a.attrelid = '26312' AND a.attnum > 0 AND NOT a.attisdropped  ORDER BY a.attnum;
SELECT c2.relname, i.indisprimary, i.indisunique, i.indisclustered, i.indisvalid, pg_catalog.pg_get_indexdef(i.indexrelid, 0, true),  pg_catalog.pg_get_constraintdef(con.oid, true), contype, condeferrable, condeferred, i.indisreplident, c2.reltablespace  FROM pg_catalog.pg_class c, pg_catalog.pg_class c2, pg_catalog.pg_index i  LEFT JOIN pg_catalog.pg_constraint con ON (conrelid = i.indrelid AND conindid = i.indexrelid AND contype IN ('p','u','x'))  WHERE c.oid = '26312' AND c.oid = i.indrelid AND i.indexrelid = c2.oid  ORDER BY i.indisprimary DESC, i.indisunique DESC, c2.relname;
SELECT conname,  pg_catalog.pg_get_constraintdef(r.oid, true) as condef  FROM pg_catalog.pg_constraint r  WHERE r.conrelid = '26312' AND r.contype = 'f' ORDER BY 1;
SELECT conname, conrelid::pg_catalog.regclass,  pg_catalog.pg_get_constraintdef(c.oid, true) as condef  FROM pg_catalog.pg_constraint c  WHERE c.confrelid = '26312' AND c.contype = 'f' ORDER BY 1;
SELECT pol.polname,  CASE WHEN pol.polroles = '{0}' THEN NULL ELSE pg_catalog.array_to_string(array(select rolname from pg_catalog.pg_roles where oid = any (pol.polroles) order by 1),',') END,  pg_catalog.pg_get_expr(pol.polqual, pol.polrelid),  pg_catalog.pg_get_expr(pol.polwithcheck, pol.polrelid),  CASE pol.polcmd  WHEN 'r' THEN 'SELECT'  WHEN 'a' THEN 'INSERT'  WHEN 'w' THEN 'UPDATE'  WHEN 'd' THEN 'DELETE'  WHEN '*' THEN 'ALL'  END AS cmd  FROM pg_catalog.pg_policy pol  WHERE pol.polrelid = '26312' ORDER BY 1;
SELECT t.tgname, pg_catalog.pg_get_triggerdef(t.oid, true), t.tgenabled, t.tgisinternal  FROM pg_catalog.pg_trigger t  WHERE t.tgrelid = '26312' AND (NOT t.tgisinternal OR (t.tgisinternal AND t.tgenabled = 'D'))  ORDER BY 1;
SELECT c.oid::pg_catalog.regclass FROM pg_catalog.pg_class c, pg_catalog.pg_inherits i WHERE c.oid=i.inhparent AND i.inhrelid = '26312' ORDER BY inhseqno;
SELECT c.oid::pg_catalog.regclass FROM pg_catalog.pg_class c, pg_catalog.pg_inherits i WHERE c.oid=i.inhrelid AND i.inhparent = '26312' ORDER BY c.oid::pg_catalog.regclass::pg_catalog.text;
ALTER TABLE test_replica_identity REPLICA IDENTITY USING INDEX test_replica_identity_oid_idx;
ALTER TABLE test_replica_identity REPLICA IDENTITY USING INDEX test_replica_identity_unique_nondefer;
ALTER TABLE test_replica_identity REPLICA IDENTITY USING INDEX test_replica_identity_keyab_key;
ALTER TABLE test_replica_identity REPLICA IDENTITY USING INDEX test_replica_identity_keyab_key;
SELECT relreplident FROM pg_class WHERE oid = 'test_replica_identity'::regclass;
SELECT c.oid,  n.nspname,  c.relname  FROM pg_catalog.pg_class c  LEFT JOIN pg_catalog.pg_namespace n ON n.oid = c.relnamespace  WHERE c.relname ~ '^(test_replica_identity)$'  AND pg_catalog.pg_table_is_visible(c.oid)  ORDER BY 2, 3;
SELECT c.relchecks, c.relkind, c.relhasindex, c.relhasrules, c.relhastriggers, c.relrowsecurity, c.relforcerowsecurity, c.relhasoids, '', c.reltablespace, CASE WHEN c.reloftype = 0 THEN '' ELSE c.reloftype::pg_catalog.regtype::pg_catalog.text END, c.relpersistence, c.relreplident FROM pg_catalog.pg_class c  LEFT JOIN pg_catalog.pg_class tc ON (c.reltoastrelid = tc.oid)  WHERE c.oid = '26312';
SELECT a.attname,  pg_catalog.format_type(a.atttypid, a.atttypmod),  (SELECT substring(pg_catalog.pg_get_expr(d.adbin, d.adrelid) for 128)  FROM pg_catalog.pg_attrdef d  WHERE d.adrelid = a.attrelid AND d.adnum = a.attnum AND a.atthasdef),  a.attnotnull, a.attnum,  (SELECT c.collname FROM pg_catalog.pg_collation c, pg_catalog.pg_type t  WHERE c.oid = a.attcollation AND t.oid = a.atttypid AND a.attcollation <> t.typcollation) AS attcollation,  NULL AS indexdef,  NULL AS attfdwoptions  FROM pg_catalog.pg_attribute a  WHERE a.attrelid = '26312' AND a.attnum > 0 AND NOT a.attisdropped  ORDER BY a.attnum;
SELECT c2.relname, i.indisprimary, i.indisunique, i.indisclustered, i.indisvalid, pg_catalog.pg_get_indexdef(i.indexrelid, 0, true),  pg_catalog.pg_get_constraintdef(con.oid, true), contype, condeferrable, condeferred, i.indisreplident, c2.reltablespace  FROM pg_catalog.pg_class c, pg_catalog.pg_class c2, pg_catalog.pg_index i  LEFT JOIN pg_catalog.pg_constraint con ON (conrelid = i.indrelid AND conindid = i.indexrelid AND contype IN ('p','u','x'))  WHERE c.oid = '26312' AND c.oid = i.indrelid AND i.indexrelid = c2.oid  ORDER BY i.indisprimary DESC, i.indisunique DESC, c2.relname;
SELECT conname,  pg_catalog.pg_get_constraintdef(r.oid, true) as condef  FROM pg_catalog.pg_constraint r  WHERE r.conrelid = '26312' AND r.contype = 'f' ORDER BY 1;
SELECT conname, conrelid::pg_catalog.regclass,  pg_catalog.pg_get_constraintdef(c.oid, true) as condef  FROM pg_catalog.pg_constraint c  WHERE c.confrelid = '26312' AND c.contype = 'f' ORDER BY 1;
SELECT pol.polname,  CASE WHEN pol.polroles = '{0}' THEN NULL ELSE pg_catalog.array_to_string(array(select rolname from pg_catalog.pg_roles where oid = any (pol.polroles) order by 1),',') END,  pg_catalog.pg_get_expr(pol.polqual, pol.polrelid),  pg_catalog.pg_get_expr(pol.polwithcheck, pol.polrelid),  CASE pol.polcmd  WHEN 'r' THEN 'SELECT'  WHEN 'a' THEN 'INSERT'  WHEN 'w' THEN 'UPDATE'  WHEN 'd' THEN 'DELETE'  WHEN '*' THEN 'ALL'  END AS cmd  FROM pg_catalog.pg_policy pol  WHERE pol.polrelid = '26312' ORDER BY 1;
SELECT t.tgname, pg_catalog.pg_get_triggerdef(t.oid, true), t.tgenabled, t.tgisinternal  FROM pg_catalog.pg_trigger t  WHERE t.tgrelid = '26312' AND (NOT t.tgisinternal OR (t.tgisinternal AND t.tgenabled = 'D'))  ORDER BY 1;
SELECT c.oid::pg_catalog.regclass FROM pg_catalog.pg_class c, pg_catalog.pg_inherits i WHERE c.oid=i.inhparent AND i.inhrelid = '26312' ORDER BY inhseqno;
SELECT c.oid::pg_catalog.regclass FROM pg_catalog.pg_class c, pg_catalog.pg_inherits i WHERE c.oid=i.inhrelid AND i.inhparent = '26312' ORDER BY c.oid::pg_catalog.regclass::pg_catalog.text;
SELECT count(*) FROM pg_index WHERE indrelid = 'test_replica_identity'::regclass AND indisreplident;
ALTER TABLE test_replica_identity REPLICA IDENTITY DEFAULT;
SELECT relreplident FROM pg_class WHERE oid = 'test_replica_identity'::regclass;
SELECT count(*) FROM pg_index WHERE indrelid = 'test_replica_identity'::regclass AND indisreplident;
ALTER TABLE test_replica_identity REPLICA IDENTITY FULL;
SELECT relreplident FROM pg_class WHERE oid = 'test_replica_identity'::regclass;
SELECT c.oid,  n.nspname,  c.relname  FROM pg_catalog.pg_class c  LEFT JOIN pg_catalog.pg_namespace n ON n.oid = c.relnamespace  WHERE c.relname ~ '^(test_replica_identity)$'  AND pg_catalog.pg_table_is_visible(c.oid)  ORDER BY 2, 3;
SELECT c.relchecks, c.relkind, c.relhasindex, c.relhasrules, c.relhastriggers, c.relrowsecurity, c.relforcerowsecurity, c.relhasoids, pg_catalog.array_to_string(c.reloptions || array(select 'toast.' || x from pg_catalog.unnest(tc.reloptions) x), ', ')  , c.reltablespace, CASE WHEN c.reloftype = 0 THEN '' ELSE c.reloftype::pg_catalog.regtype::pg_catalog.text END, c.relpersistence, c.relreplident  FROM pg_catalog.pg_class c  LEFT JOIN pg_catalog.pg_class tc ON (c.reltoastrelid = tc.oid)  WHERE c.oid = '26312';
SELECT a.attname,  pg_catalog.format_type(a.atttypid, a.atttypmod),  (SELECT substring(pg_catalog.pg_get_expr(d.adbin, d.adrelid) for 128)  FROM pg_catalog.pg_attrdef d  WHERE d.adrelid = a.attrelid AND d.adnum = a.attnum AND a.atthasdef),  a.attnotnull, a.attnum,  (SELECT c.collname FROM pg_catalog.pg_collation c, pg_catalog.pg_type t  WHERE c.oid = a.attcollation AND t.oid = a.atttypid AND a.attcollation <> t.typcollation) AS attcollation,  NULL AS indexdef,  NULL AS attfdwoptions,  a.attstorage,  CASE WHEN a.attstattarget=-1 THEN NULL ELSE a.attstattarget END AS attstattarget, pg_catalog.col_description(a.attrelid, a.attnum)  FROM pg_catalog.pg_attribute a  WHERE a.attrelid = '26312' AND a.attnum > 0 AND NOT a.attisdropped  ORDER BY a.attnum;
SELECT c2.relname, i.indisprimary, i.indisunique, i.indisclustered, i.indisvalid, pg_catalog.pg_get_indexdef(i.indexrelid, 0, true),  pg_catalog.pg_get_constraintdef(con.oid, true), contype, condeferrable, condeferred, i.indisreplident, c2.reltablespace  FROM pg_catalog.pg_class c, pg_catalog.pg_class c2, pg_catalog.pg_index i  LEFT JOIN pg_catalog.pg_constraint con ON (conrelid = i.indrelid AND conindid = i.indexrelid AND contype IN ('p','u','x'))  WHERE c.oid = '26312' AND c.oid = i.indrelid AND i.indexrelid = c2.oid  ORDER BY i.indisprimary DESC, i.indisunique DESC, c2.relname;
SELECT conname,  pg_catalog.pg_get_constraintdef(r.oid, true) as condef  FROM pg_catalog.pg_constraint r  WHERE r.conrelid = '26312' AND r.contype = 'f' ORDER BY 1;
SELECT conname, conrelid::pg_catalog.regclass,  pg_catalog.pg_get_constraintdef(c.oid, true) as condef  FROM pg_catalog.pg_constraint c  WHERE c.confrelid = '26312' AND c.contype = 'f' ORDER BY 1;
SELECT pol.polname,  CASE WHEN pol.polroles = '{0}' THEN NULL ELSE pg_catalog.array_to_string(array(select rolname from pg_catalog.pg_roles where oid = any (pol.polroles) order by 1),',') END,  pg_catalog.pg_get_expr(pol.polqual, pol.polrelid),  pg_catalog.pg_get_expr(pol.polwithcheck, pol.polrelid),  CASE pol.polcmd  WHEN 'r' THEN 'SELECT'  WHEN 'a' THEN 'INSERT'  WHEN 'w' THEN 'UPDATE'  WHEN 'd' THEN 'DELETE'  WHEN '*' THEN 'ALL'  END AS cmd  FROM pg_catalog.pg_policy pol  WHERE pol.polrelid = '26312' ORDER BY 1;
SELECT t.tgname, pg_catalog.pg_get_triggerdef(t.oid, true), t.tgenabled, t.tgisinternal  FROM pg_catalog.pg_trigger t  WHERE t.tgrelid = '26312' AND (NOT t.tgisinternal OR (t.tgisinternal AND t.tgenabled = 'D'))  ORDER BY 1;
SELECT c.oid::pg_catalog.regclass FROM pg_catalog.pg_class c, pg_catalog.pg_inherits i WHERE c.oid=i.inhparent AND i.inhrelid = '26312' ORDER BY inhseqno;
SELECT c.oid::pg_catalog.regclass FROM pg_catalog.pg_class c, pg_catalog.pg_inherits i WHERE c.oid=i.inhrelid AND i.inhparent = '26312' ORDER BY c.oid::pg_catalog.regclass::pg_catalog.text;
ALTER TABLE test_replica_identity REPLICA IDENTITY NOTHING;
SELECT relreplident FROM pg_class WHERE oid = 'test_replica_identity'::regclass;
DROP TABLE test_replica_identity;
DROP TABLE test_replica_identity_othertable;
