CREATE TABLE BOX_TBL (f1 box);
INSERT INTO BOX_TBL (f1) VALUES ('(2.0,2.0,0.0,0.0)');
INSERT INTO BOX_TBL (f1) VALUES ('(1.0,1.0,3.0,3.0)');
INSERT INTO BOX_TBL (f1) VALUES ('(2.5, 2.5, 2.5,3.5)');
INSERT INTO BOX_TBL (f1) VALUES ('(3.0, 3.0,3.0,3.0)');
INSERT INTO BOX_TBL (f1) VALUES ('(2.3, 4.5)');
INSERT INTO BOX_TBL (f1) VALUES ('asdfasdf(ad');
SELECT '' AS four, * FROM BOX_TBL;
SELECT '' AS four, b.*, area(b.f1) as barea  FROM BOX_TBL b;
SELECT '' AS three, b.f1  FROM BOX_TBL b  WHERE b.f1 && box '(2.5,2.5,1.0,1.0)';
SELECT '' AS two, b1.*  FROM BOX_TBL b1  WHERE b1.f1 &< box '(2.0,2.0,2.5,2.5)';
SELECT '' AS two, b1.*  FROM BOX_TBL b1  WHERE b1.f1 &> box '(2.0,2.0,2.5,2.5)';
SELECT '' AS two, b.f1  FROM BOX_TBL b  WHERE b.f1 << box '(3.0,3.0,5.0,5.0)';
SELECT '' AS four, b.f1  FROM BOX_TBL b  WHERE b.f1 <= box '(3.0,3.0,5.0,5.0)';
SELECT '' AS two, b.f1  FROM BOX_TBL b  WHERE b.f1 < box '(3.0,3.0,5.0,5.0)';
SELECT '' AS two, b.f1  FROM BOX_TBL b  WHERE b.f1 = box '(3.0,3.0,5.0,5.0)';
SELECT '' AS two, b.f1  FROM BOX_TBL b  WHERE b.f1 > box '(3.5,3.0,4.5,3.0)';
SELECT '' AS four, b.f1  FROM BOX_TBL b  WHERE b.f1 >= box '(3.5,3.0,4.5,3.0)';
SELECT '' AS two, b.f1  FROM BOX_TBL b  WHERE box '(3.0,3.0,5.0,5.0)' >> b.f1;
SELECT '' AS three, b.f1  FROM BOX_TBL b  WHERE b.f1 <@ box '(0,0,3,3)';
SELECT '' AS three, b.f1  FROM BOX_TBL b  WHERE box '(0,0,3,3)' @> b.f1;
SELECT '' AS one, b.f1  FROM BOX_TBL b  WHERE box '(1,1,3,3)' ~= b.f1;
SELECT '' AS four, @@(b1.f1) AS p  FROM BOX_TBL b1;
SELECT '' AS one, b1.*, b2.*  FROM BOX_TBL b1, BOX_TBL b2  WHERE b1.f1 @> b2.f1 and not b1.f1 ~= b2.f1;
SELECT '' AS four, height(f1), width(f1) FROM BOX_TBL;
