SELECT DISTINCT two FROM tmp ORDER BY 1;
SELECT DISTINCT ten FROM tmp ORDER BY 1;
SELECT DISTINCT string4 FROM tmp ORDER BY 1;
SELECT DISTINCT two, string4, ten  FROM tmp  ORDER BY two using <, string4 using <, ten using <;
SELECT DISTINCT p.age FROM person* p ORDER BY age using >;
CREATE TEMP TABLE disttable (f1 integer);
INSERT INTO DISTTABLE VALUES(1);
INSERT INTO DISTTABLE VALUES(2);
INSERT INTO DISTTABLE VALUES(3);
INSERT INTO DISTTABLE VALUES(NULL);
SELECT f1, f1 IS DISTINCT FROM 2 as "not 2" FROM disttable;
SELECT f1, f1 IS DISTINCT FROM NULL as "not null" FROM disttable;
SELECT f1, f1 IS DISTINCT FROM f1 as "false" FROM disttable;
SELECT f1, f1 IS DISTINCT FROM f1+1 as "not null" FROM disttable;
SELECT 1 IS DISTINCT FROM 2 as "yes";
SELECT 2 IS DISTINCT FROM 2 as "no";
SELECT 2 IS DISTINCT FROM null as "yes";
SELECT null IS DISTINCT FROM null as "no";
SELECT 1 IS NOT DISTINCT FROM 2 as "no";
SELECT 2 IS NOT DISTINCT FROM 2 as "yes";
SELECT 2 IS NOT DISTINCT FROM null as "no";
SELECT null IS NOT DISTINCT FROM null as "yes";
