SELECT *  INTO TABLE tmp1  FROM onek  WHERE onek.unique1 < 2;
DROP TABLE tmp1;
SELECT *  INTO TABLE tmp1  FROM onek2  WHERE onek2.unique1 < 2;
DROP TABLE tmp1;
CREATE SCHEMA selinto_schema;
CREATE USER selinto_user;
ALTER DEFAULT PRIVILEGES FOR ROLE selinto_user  REVOKE INSERT ON TABLES FROM selinto_user;
GRANT ALL ON SCHEMA selinto_schema TO public;
SET SESSION AUTHORIZATION selinto_user;
SELECT * INTO TABLE selinto_schema.tmp1  FROM pg_class WHERE relname like '%a%';
SELECT oid AS clsoid, relname, relnatts + 10 AS x  INTO selinto_schema.tmp2  FROM pg_class WHERE relname like '%b%';
CREATE TABLE selinto_schema.tmp3 (a,b,c)  AS SELECT oid,relname,relacl FROM pg_class  WHERE relname like '%c%';
RESET SESSION AUTHORIZATION;
ALTER DEFAULT PRIVILEGES FOR ROLE selinto_user  GRANT INSERT ON TABLES TO selinto_user;
SET SESSION AUTHORIZATION selinto_user;
SELECT * INTO TABLE selinto_schema.tmp1  FROM pg_class WHERE relname like '%a%';
SELECT oid AS clsoid, relname, relnatts + 10 AS x  INTO selinto_schema.tmp2  FROM pg_class WHERE relname like '%b%';
CREATE TABLE selinto_schema.tmp3 (a,b,c)  AS SELECT oid,relname,relacl FROM pg_class  WHERE relname like '%c%';
RESET SESSION AUTHORIZATION;
DROP SCHEMA selinto_schema CASCADE;
DROP USER selinto_user;
CREATE TABLE ctas_base (i int, j int);
INSERT INTO ctas_base VALUES (1, 2);
CREATE TABLE ctas_nodata (ii, jj, kk) AS SELECT i, j FROM ctas_base;
CREATE TABLE ctas_nodata (ii, jj, kk) AS SELECT i, j FROM ctas_base WITH NO DATA;
CREATE TABLE ctas_nodata (ii, jj) AS SELECT i, j FROM ctas_base;
CREATE TABLE ctas_nodata_2 (ii, jj) AS SELECT i, j FROM ctas_base WITH NO DATA;
CREATE TABLE ctas_nodata_3 (ii) AS SELECT i, j FROM ctas_base;
CREATE TABLE ctas_nodata_4 (ii) AS SELECT i, j FROM ctas_base WITH NO DATA;
SELECT * FROM ctas_nodata;
SELECT * FROM ctas_nodata_2;
SELECT * FROM ctas_nodata_3;
SELECT * FROM ctas_nodata_4;
DROP TABLE ctas_base;
DROP TABLE ctas_nodata;
DROP TABLE ctas_nodata_2;
DROP TABLE ctas_nodata_3;
DROP TABLE ctas_nodata_4;
CREATE FUNCTION make_table() RETURNS VOID  AS $$  CREATE TABLE created_table AS SELECT * FROM int8_tbl;  $$ LANGUAGE SQL;
SELECT make_table();
SELECT * FROM created_table;
DROP TABLE created_table;
DECLARE foo CURSOR FOR SELECT 1 INTO b;
COPY (SELECT 1 INTO frak UNION SELECT 2) TO 'blob';
SELECT * FROM (SELECT 1 INTO f) bar;
CREATE VIEW foo AS SELECT 1 INTO b;
INSERT INTO b SELECT 1 INTO f;
