SELECT b.*  FROM bt_i4_heap b  WHERE b.seqno < 1;
SELECT b.*  FROM bt_i4_heap b  WHERE b.seqno >= 9999;
SELECT b.*  FROM bt_i4_heap b  WHERE b.seqno = 4500;
SELECT b.*  FROM bt_name_heap b  WHERE b.seqno < '1'::name;
SELECT b.*  FROM bt_name_heap b  WHERE b.seqno >= '9999'::name;
SELECT b.*  FROM bt_name_heap b  WHERE b.seqno = '4500'::name;
SELECT b.*  FROM bt_txt_heap b  WHERE b.seqno < '1'::text;
SELECT b.*  FROM bt_txt_heap b  WHERE b.seqno >= '9999'::text;
SELECT b.*  FROM bt_txt_heap b  WHERE b.seqno = '4500'::text;
SELECT b.*  FROM bt_f8_heap b  WHERE b.seqno < '1'::float8;
SELECT b.*  FROM bt_f8_heap b  WHERE b.seqno >= '9999'::float8;
SELECT b.*  FROM bt_f8_heap b  WHERE b.seqno = '4500'::float8;
set enable_seqscan to false;
set enable_indexscan to true;
set enable_bitmapscan to false;
select proname from pg_proc where proname like E'RI\\_FKey%del' order by 1;
set enable_indexscan to false;
set enable_bitmapscan to true;
select proname from pg_proc where proname like E'RI\\_FKey%del' order by 1;
create table btree_tall_tbl(id int4, t text);
create index btree_tall_idx on btree_tall_tbl (id, t) with (fillfactor = 10);
insert into btree_tall_tbl  select g, g::text || '_' ||  (select string_agg(md5(i::text), '_') from generate_series(1, 50) i)  from generate_series(1, 100) g;
delete from btree_tall_tbl where id < 950;
vacuum btree_tall_tbl;
insert into btree_tall_tbl (id, t)  select g, repeat('x', 100) from generate_series(1, 500) g;
