CREATE TABLE a (aa TEXT);
CREATE TABLE b (bb TEXT) INHERITS (a);
CREATE TABLE c (cc TEXT) INHERITS (a);
CREATE TABLE d (dd TEXT) INHERITS (b,c,a);
INSERT INTO a(aa) VALUES('aaa');
INSERT INTO a(aa) VALUES('aaaa');
INSERT INTO a(aa) VALUES('aaaaa');
INSERT INTO a(aa) VALUES('aaaaaa');
INSERT INTO a(aa) VALUES('aaaaaaa');
INSERT INTO a(aa) VALUES('aaaaaaaa');
INSERT INTO b(aa) VALUES('bbb');
INSERT INTO b(aa) VALUES('bbbb');
INSERT INTO b(aa) VALUES('bbbbb');
INSERT INTO b(aa) VALUES('bbbbbb');
INSERT INTO b(aa) VALUES('bbbbbbb');
INSERT INTO b(aa) VALUES('bbbbbbbb');
INSERT INTO c(aa) VALUES('ccc');
INSERT INTO c(aa) VALUES('cccc');
INSERT INTO c(aa) VALUES('ccccc');
INSERT INTO c(aa) VALUES('cccccc');
INSERT INTO c(aa) VALUES('ccccccc');
INSERT INTO c(aa) VALUES('cccccccc');
INSERT INTO d(aa) VALUES('ddd');
INSERT INTO d(aa) VALUES('dddd');
INSERT INTO d(aa) VALUES('ddddd');
INSERT INTO d(aa) VALUES('dddddd');
INSERT INTO d(aa) VALUES('ddddddd');
INSERT INTO d(aa) VALUES('dddddddd');
SELECT relname, a.* FROM a, pg_class where a.tableoid = pg_class.oid;
SELECT relname, b.* FROM b, pg_class where b.tableoid = pg_class.oid;
SELECT relname, c.* FROM c, pg_class where c.tableoid = pg_class.oid;
SELECT relname, d.* FROM d, pg_class where d.tableoid = pg_class.oid;
SELECT relname, a.* FROM ONLY a, pg_class where a.tableoid = pg_class.oid;
SELECT relname, b.* FROM ONLY b, pg_class where b.tableoid = pg_class.oid;
SELECT relname, c.* FROM ONLY c, pg_class where c.tableoid = pg_class.oid;
SELECT relname, d.* FROM ONLY d, pg_class where d.tableoid = pg_class.oid;
UPDATE a SET aa='zzzz' WHERE aa='aaaa';
UPDATE ONLY a SET aa='zzzzz' WHERE aa='aaaaa';
UPDATE b SET aa='zzz' WHERE aa='aaa';
UPDATE ONLY b SET aa='zzz' WHERE aa='aaa';
UPDATE a SET aa='zzzzzz' WHERE aa LIKE 'aaa%';
SELECT relname, a.* FROM a, pg_class where a.tableoid = pg_class.oid;
SELECT relname, b.* FROM b, pg_class where b.tableoid = pg_class.oid;
SELECT relname, c.* FROM c, pg_class where c.tableoid = pg_class.oid;
SELECT relname, d.* FROM d, pg_class where d.tableoid = pg_class.oid;
SELECT relname, a.* FROM ONLY a, pg_class where a.tableoid = pg_class.oid;
SELECT relname, b.* FROM ONLY b, pg_class where b.tableoid = pg_class.oid;
SELECT relname, c.* FROM ONLY c, pg_class where c.tableoid = pg_class.oid;
SELECT relname, d.* FROM ONLY d, pg_class where d.tableoid = pg_class.oid;
UPDATE b SET aa='new';
SELECT relname, a.* FROM a, pg_class where a.tableoid = pg_class.oid;
SELECT relname, b.* FROM b, pg_class where b.tableoid = pg_class.oid;
SELECT relname, c.* FROM c, pg_class where c.tableoid = pg_class.oid;
SELECT relname, d.* FROM d, pg_class where d.tableoid = pg_class.oid;
SELECT relname, a.* FROM ONLY a, pg_class where a.tableoid = pg_class.oid;
SELECT relname, b.* FROM ONLY b, pg_class where b.tableoid = pg_class.oid;
SELECT relname, c.* FROM ONLY c, pg_class where c.tableoid = pg_class.oid;
SELECT relname, d.* FROM ONLY d, pg_class where d.tableoid = pg_class.oid;
UPDATE a SET aa='new';
DELETE FROM ONLY c WHERE aa='new';
SELECT relname, a.* FROM a, pg_class where a.tableoid = pg_class.oid;
SELECT relname, b.* FROM b, pg_class where b.tableoid = pg_class.oid;
SELECT relname, c.* FROM c, pg_class where c.tableoid = pg_class.oid;
SELECT relname, d.* FROM d, pg_class where d.tableoid = pg_class.oid;
SELECT relname, a.* FROM ONLY a, pg_class where a.tableoid = pg_class.oid;
SELECT relname, b.* FROM ONLY b, pg_class where b.tableoid = pg_class.oid;
SELECT relname, c.* FROM ONLY c, pg_class where c.tableoid = pg_class.oid;
SELECT relname, d.* FROM ONLY d, pg_class where d.tableoid = pg_class.oid;
DELETE FROM a;
SELECT relname, a.* FROM a, pg_class where a.tableoid = pg_class.oid;
SELECT relname, b.* FROM b, pg_class where b.tableoid = pg_class.oid;
SELECT relname, c.* FROM c, pg_class where c.tableoid = pg_class.oid;
SELECT relname, d.* FROM d, pg_class where d.tableoid = pg_class.oid;
SELECT relname, a.* FROM ONLY a, pg_class where a.tableoid = pg_class.oid;
SELECT relname, b.* FROM ONLY b, pg_class where b.tableoid = pg_class.oid;
SELECT relname, c.* FROM ONLY c, pg_class where c.tableoid = pg_class.oid;
SELECT relname, d.* FROM ONLY d, pg_class where d.tableoid = pg_class.oid;
CREATE TEMP TABLE z (b TEXT, PRIMARY KEY(aa, b)) inherits (a);
INSERT INTO z VALUES (NULL, 'text');
create temp table foo(f1 int, f2 int);
create temp table foo2(f3 int) inherits (foo);
create temp table bar(f1 int, f2 int);
create temp table bar2(f3 int) inherits (bar);
insert into foo values(1,1);
insert into foo values(3,3);
insert into foo2 values(2,2,2);
insert into foo2 values(3,3,3);
insert into bar values(1,1);
insert into bar values(2,2);
insert into bar values(3,3);
insert into bar values(4,4);
insert into bar2 values(1,1,1);
insert into bar2 values(2,2,2);
insert into bar2 values(3,3,3);
insert into bar2 values(4,4,4);
update bar set f2 = f2 + 100 where f1 in (select f1 from foo);
select tableoid::regclass::text as relname, bar.* from bar order by 1,2;
update bar set f2 = f2 + 100  from  ( select f1 from foo union all select f1+3 from foo ) ss  where bar.f1 = ss.f1;
select tableoid::regclass::text as relname, bar.* from bar order by 1,2;
/* Test multiple inheritance of column defaults */  CREATE TABLE firstparent (tomorrow date default now()::date + 1);
CREATE TABLE secondparent (tomorrow date default now() :: date + 1);
CREATE TABLE jointchild () INHERITS (firstparent, secondparent);
CREATE TABLE thirdparent (tomorrow date default now()::date - 1);
CREATE TABLE otherchild () INHERITS (firstparent, thirdparent);
CREATE TABLE otherchild (tomorrow date default now())  INHERITS (firstparent, thirdparent);
DROP TABLE firstparent, secondparent, jointchild, thirdparent, otherchild;
insert into d values('test','one','two','three');
alter table a alter column aa type integer using bit_length(aa);
select * from d;
create table oid_parent (a int) with oids;
create table oid_child () inherits (oid_parent);
select attinhcount, attislocal from pg_attribute  where attrelid = 'oid_child'::regclass and attname = 'oid';
drop table oid_child;
create table oid_child (a int) without oids;
alter table oid_child inherit oid_parent;
alter table oid_child set with oids;
select attinhcount, attislocal from pg_attribute  where attrelid = 'oid_child'::regclass and attname = 'oid';
alter table oid_child inherit oid_parent;
select attinhcount, attislocal from pg_attribute  where attrelid = 'oid_child'::regclass and attname = 'oid';
alter table oid_child set without oids;
alter table oid_parent set without oids;
select attinhcount, attislocal from pg_attribute  where attrelid = 'oid_child'::regclass and attname = 'oid';
alter table oid_child set without oids;
select attinhcount, attislocal from pg_attribute  where attrelid = 'oid_child'::regclass and attname = 'oid';
drop table oid_parent cascade;
create table p1(ff1 int);
alter table p1 add constraint p1chk check (ff1 > 0) no inherit;
alter table p1 add constraint p2chk check (ff1 > 10);
select pc.relname, pgc.conname, pgc.contype, pgc.conislocal, pgc.coninhcount, pgc.connoinherit from pg_class as pc inner join pg_constraint as pgc on (pgc.conrelid = pc.oid) where pc.relname = 'p1' order by 1,2;
create table c1 () inherits (p1);
SELECT c.oid,  n.nspname,  c.relname  FROM pg_catalog.pg_class c  LEFT JOIN pg_catalog.pg_namespace n ON n.oid = c.relnamespace  WHERE c.relname ~ '^(p1)$'  AND pg_catalog.pg_table_is_visible(c.oid)  ORDER BY 2, 3;
SELECT c.relchecks, c.relkind, c.relhasindex, c.relhasrules, c.relhastriggers, c.relrowsecurity, c.relforcerowsecurity, c.relhasoids, '', c.reltablespace, CASE WHEN c.reloftype = 0 THEN '' ELSE c.reloftype::pg_catalog.regtype::pg_catalog.text END, c.relpersistence, c.relreplident FROM pg_catalog.pg_class c  LEFT JOIN pg_catalog.pg_class tc ON (c.reltoastrelid = tc.oid)  WHERE c.oid = '24130';
SELECT a.attname,  pg_catalog.format_type(a.atttypid, a.atttypmod),  (SELECT substring(pg_catalog.pg_get_expr(d.adbin, d.adrelid) for 128)  FROM pg_catalog.pg_attrdef d  WHERE d.adrelid = a.attrelid AND d.adnum = a.attnum AND a.atthasdef),  a.attnotnull, a.attnum,  (SELECT c.collname FROM pg_catalog.pg_collation c, pg_catalog.pg_type t  WHERE c.oid = a.attcollation AND t.oid = a.atttypid AND a.attcollation <> t.typcollation) AS attcollation,  NULL AS indexdef,  NULL AS attfdwoptions  FROM pg_catalog.pg_attribute a  WHERE a.attrelid = '24130' AND a.attnum > 0 AND NOT a.attisdropped  ORDER BY a.attnum;
SELECT r.conname, pg_catalog.pg_get_constraintdef(r.oid, true)  FROM pg_catalog.pg_constraint r  WHERE r.conrelid = '24130' AND r.contype = 'c'  ORDER BY 1;
SELECT pol.polname,  CASE WHEN pol.polroles = '{0}' THEN NULL ELSE pg_catalog.array_to_string(array(select rolname from pg_catalog.pg_roles where oid = any (pol.polroles) order by 1),',') END,  pg_catalog.pg_get_expr(pol.polqual, pol.polrelid),  pg_catalog.pg_get_expr(pol.polwithcheck, pol.polrelid),  CASE pol.polcmd  WHEN 'r' THEN 'SELECT'  WHEN 'a' THEN 'INSERT'  WHEN 'w' THEN 'UPDATE'  WHEN 'd' THEN 'DELETE'  WHEN '*' THEN 'ALL'  END AS cmd  FROM pg_catalog.pg_policy pol  WHERE pol.polrelid = '24130' ORDER BY 1;
SELECT c.oid::pg_catalog.regclass FROM pg_catalog.pg_class c, pg_catalog.pg_inherits i WHERE c.oid=i.inhparent AND i.inhrelid = '24130' ORDER BY inhseqno;
SELECT c.oid::pg_catalog.regclass FROM pg_catalog.pg_class c, pg_catalog.pg_inherits i WHERE c.oid=i.inhrelid AND i.inhparent = '24130' ORDER BY c.oid::pg_catalog.regclass::pg_catalog.text;
SELECT c.oid,  n.nspname,  c.relname  FROM pg_catalog.pg_class c  LEFT JOIN pg_catalog.pg_namespace n ON n.oid = c.relnamespace  WHERE c.relname ~ '^(c1)$'  AND pg_catalog.pg_table_is_visible(c.oid)  ORDER BY 2, 3;
SELECT c.relchecks, c.relkind, c.relhasindex, c.relhasrules, c.relhastriggers, c.relrowsecurity, c.relforcerowsecurity, c.relhasoids, '', c.reltablespace, CASE WHEN c.reloftype = 0 THEN '' ELSE c.reloftype::pg_catalog.regtype::pg_catalog.text END, c.relpersistence, c.relreplident FROM pg_catalog.pg_class c  LEFT JOIN pg_catalog.pg_class tc ON (c.reltoastrelid = tc.oid)  WHERE c.oid = '24135';
SELECT a.attname,  pg_catalog.format_type(a.atttypid, a.atttypmod),  (SELECT substring(pg_catalog.pg_get_expr(d.adbin, d.adrelid) for 128)  FROM pg_catalog.pg_attrdef d  WHERE d.adrelid = a.attrelid AND d.adnum = a.attnum AND a.atthasdef),  a.attnotnull, a.attnum,  (SELECT c.collname FROM pg_catalog.pg_collation c, pg_catalog.pg_type t  WHERE c.oid = a.attcollation AND t.oid = a.atttypid AND a.attcollation <> t.typcollation) AS attcollation,  NULL AS indexdef,  NULL AS attfdwoptions  FROM pg_catalog.pg_attribute a  WHERE a.attrelid = '24135' AND a.attnum > 0 AND NOT a.attisdropped  ORDER BY a.attnum;
SELECT r.conname, pg_catalog.pg_get_constraintdef(r.oid, true)  FROM pg_catalog.pg_constraint r  WHERE r.conrelid = '24135' AND r.contype = 'c'  ORDER BY 1;
SELECT pol.polname,  CASE WHEN pol.polroles = '{0}' THEN NULL ELSE pg_catalog.array_to_string(array(select rolname from pg_catalog.pg_roles where oid = any (pol.polroles) order by 1),',') END,  pg_catalog.pg_get_expr(pol.polqual, pol.polrelid),  pg_catalog.pg_get_expr(pol.polwithcheck, pol.polrelid),  CASE pol.polcmd  WHEN 'r' THEN 'SELECT'  WHEN 'a' THEN 'INSERT'  WHEN 'w' THEN 'UPDATE'  WHEN 'd' THEN 'DELETE'  WHEN '*' THEN 'ALL'  END AS cmd  FROM pg_catalog.pg_policy pol  WHERE pol.polrelid = '24135' ORDER BY 1;
SELECT c.oid::pg_catalog.regclass FROM pg_catalog.pg_class c, pg_catalog.pg_inherits i WHERE c.oid=i.inhparent AND i.inhrelid = '24135' ORDER BY inhseqno;
SELECT c.oid::pg_catalog.regclass FROM pg_catalog.pg_class c, pg_catalog.pg_inherits i WHERE c.oid=i.inhrelid AND i.inhparent = '24135' ORDER BY c.oid::pg_catalog.regclass::pg_catalog.text;
create table c2 (constraint p2chk check (ff1 > 10) no inherit) inherits (p1);
drop table p1 cascade;
create table base (i integer);
create table derived () inherits (base);
insert into derived (i) values (0);
select derived::base from derived;
drop table derived;
drop table base;
create table p1(ff1 int);
create table p2(f1 text);
create function p2text(p2) returns text as 'select $1.f1' language sql;
create table c1(f3 int) inherits(p1,p2);
insert into c1 values(123456789, 'hi', 42);
select p2text(c1.*) from c1;
drop function p2text(p2);
drop table c1;
drop table p2;
drop table p1;
CREATE TABLE ac (aa TEXT);
alter table ac add constraint ac_check check (aa is not null);
CREATE TABLE bc (bb TEXT) INHERITS (ac);
select pc.relname, pgc.conname, pgc.contype, pgc.conislocal, pgc.coninhcount, pgc.consrc from pg_class as pc inner join pg_constraint as pgc on (pgc.conrelid = pc.oid) where pc.relname in ('ac', 'bc') order by 1,2;
insert into ac (aa) values (NULL);
insert into bc (aa) values (NULL);
alter table bc drop constraint ac_check;
alter table ac drop constraint ac_check;
select pc.relname, pgc.conname, pgc.contype, pgc.conislocal, pgc.coninhcount, pgc.consrc from pg_class as pc inner join pg_constraint as pgc on (pgc.conrelid = pc.oid) where pc.relname in ('ac', 'bc') order by 1,2;
alter table ac add check (aa is not null);
select pc.relname, pgc.conname, pgc.contype, pgc.conislocal, pgc.coninhcount, pgc.consrc from pg_class as pc inner join pg_constraint as pgc on (pgc.conrelid = pc.oid) where pc.relname in ('ac', 'bc') order by 1,2;
insert into ac (aa) values (NULL);
insert into bc (aa) values (NULL);
alter table bc drop constraint ac_aa_check;
alter table ac drop constraint ac_aa_check;
select pc.relname, pgc.conname, pgc.contype, pgc.conislocal, pgc.coninhcount, pgc.consrc from pg_class as pc inner join pg_constraint as pgc on (pgc.conrelid = pc.oid) where pc.relname in ('ac', 'bc') order by 1,2;
alter table ac add constraint ac_check check (aa is not null);
alter table bc no inherit ac;
select pc.relname, pgc.conname, pgc.contype, pgc.conislocal, pgc.coninhcount, pgc.consrc from pg_class as pc inner join pg_constraint as pgc on (pgc.conrelid = pc.oid) where pc.relname in ('ac', 'bc') order by 1,2;
alter table bc drop constraint ac_check;
select pc.relname, pgc.conname, pgc.contype, pgc.conislocal, pgc.coninhcount, pgc.consrc from pg_class as pc inner join pg_constraint as pgc on (pgc.conrelid = pc.oid) where pc.relname in ('ac', 'bc') order by 1,2;
alter table ac drop constraint ac_check;
select pc.relname, pgc.conname, pgc.contype, pgc.conislocal, pgc.coninhcount, pgc.consrc from pg_class as pc inner join pg_constraint as pgc on (pgc.conrelid = pc.oid) where pc.relname in ('ac', 'bc') order by 1,2;
drop table bc;
drop table ac;
create table ac (a int constraint check_a check (a <> 0));
create table bc (a int constraint check_a check (a <> 0), b int constraint check_b check (b <> 0)) inherits (ac);
select pc.relname, pgc.conname, pgc.contype, pgc.conislocal, pgc.coninhcount, pgc.consrc from pg_class as pc inner join pg_constraint as pgc on (pgc.conrelid = pc.oid) where pc.relname in ('ac', 'bc') order by 1,2;
drop table bc;
drop table ac;
create table ac (a int constraint check_a check (a <> 0));
create table bc (b int constraint check_b check (b <> 0));
create table cc (c int constraint check_c check (c <> 0)) inherits (ac, bc);
select pc.relname, pgc.conname, pgc.contype, pgc.conislocal, pgc.coninhcount, pgc.consrc from pg_class as pc inner join pg_constraint as pgc on (pgc.conrelid = pc.oid) where pc.relname in ('ac', 'bc', 'cc') order by 1,2;
alter table cc no inherit bc;
select pc.relname, pgc.conname, pgc.contype, pgc.conislocal, pgc.coninhcount, pgc.consrc from pg_class as pc inner join pg_constraint as pgc on (pgc.conrelid = pc.oid) where pc.relname in ('ac', 'bc', 'cc') order by 1,2;
drop table cc;
drop table bc;
drop table ac;
create table p1(f1 int);
create table p2(f2 int);
create table c1(f3 int) inherits(p1,p2);
insert into c1 values(1,-1,2);
alter table p2 add constraint cc check (f2>0);
alter table p2 add check (f2>0);
delete from c1;
insert into c1 values(1,1,2);
alter table p2 add check (f2>0);
insert into c1 values(1,-1,2);
create table c2(f3 int) inherits(p1,p2);
SELECT c.oid,  n.nspname,  c.relname  FROM pg_catalog.pg_class c  LEFT JOIN pg_catalog.pg_namespace n ON n.oid = c.relnamespace  WHERE c.relname ~ '^(c2)$'  AND pg_catalog.pg_table_is_visible(c.oid)  ORDER BY 2, 3;
SELECT c.relchecks, c.relkind, c.relhasindex, c.relhasrules, c.relhastriggers, c.relrowsecurity, c.relforcerowsecurity, c.relhasoids, '', c.reltablespace, CASE WHEN c.reloftype = 0 THEN '' ELSE c.reloftype::pg_catalog.regtype::pg_catalog.text END, c.relpersistence, c.relreplident FROM pg_catalog.pg_class c  LEFT JOIN pg_catalog.pg_class tc ON (c.reltoastrelid = tc.oid)  WHERE c.oid = '24221';
SELECT a.attname,  pg_catalog.format_type(a.atttypid, a.atttypmod),  (SELECT substring(pg_catalog.pg_get_expr(d.adbin, d.adrelid) for 128)  FROM pg_catalog.pg_attrdef d  WHERE d.adrelid = a.attrelid AND d.adnum = a.attnum AND a.atthasdef),  a.attnotnull, a.attnum,  (SELECT c.collname FROM pg_catalog.pg_collation c, pg_catalog.pg_type t  WHERE c.oid = a.attcollation AND t.oid = a.atttypid AND a.attcollation <> t.typcollation) AS attcollation,  NULL AS indexdef,  NULL AS attfdwoptions  FROM pg_catalog.pg_attribute a  WHERE a.attrelid = '24221' AND a.attnum > 0 AND NOT a.attisdropped  ORDER BY a.attnum;
SELECT r.conname, pg_catalog.pg_get_constraintdef(r.oid, true)  FROM pg_catalog.pg_constraint r  WHERE r.conrelid = '24221' AND r.contype = 'c'  ORDER BY 1;
SELECT pol.polname,  CASE WHEN pol.polroles = '{0}' THEN NULL ELSE pg_catalog.array_to_string(array(select rolname from pg_catalog.pg_roles where oid = any (pol.polroles) order by 1),',') END,  pg_catalog.pg_get_expr(pol.polqual, pol.polrelid),  pg_catalog.pg_get_expr(pol.polwithcheck, pol.polrelid),  CASE pol.polcmd  WHEN 'r' THEN 'SELECT'  WHEN 'a' THEN 'INSERT'  WHEN 'w' THEN 'UPDATE'  WHEN 'd' THEN 'DELETE'  WHEN '*' THEN 'ALL'  END AS cmd  FROM pg_catalog.pg_policy pol  WHERE pol.polrelid = '24221' ORDER BY 1;
SELECT c.oid::pg_catalog.regclass FROM pg_catalog.pg_class c, pg_catalog.pg_inherits i WHERE c.oid=i.inhparent AND i.inhrelid = '24221' ORDER BY inhseqno;
SELECT c.oid::pg_catalog.regclass FROM pg_catalog.pg_class c, pg_catalog.pg_inherits i WHERE c.oid=i.inhrelid AND i.inhparent = '24221' ORDER BY c.oid::pg_catalog.regclass::pg_catalog.text;
create table c3 (f4 int) inherits(c1,c2);
SELECT c.oid,  n.nspname,  c.relname  FROM pg_catalog.pg_class c  LEFT JOIN pg_catalog.pg_namespace n ON n.oid = c.relnamespace  WHERE c.relname ~ '^(c3)$'  AND pg_catalog.pg_table_is_visible(c.oid)  ORDER BY 2, 3;
SELECT c.relchecks, c.relkind, c.relhasindex, c.relhasrules, c.relhastriggers, c.relrowsecurity, c.relforcerowsecurity, c.relhasoids, '', c.reltablespace, CASE WHEN c.reloftype = 0 THEN '' ELSE c.reloftype::pg_catalog.regtype::pg_catalog.text END, c.relpersistence, c.relreplident FROM pg_catalog.pg_class c  LEFT JOIN pg_catalog.pg_class tc ON (c.reltoastrelid = tc.oid)  WHERE c.oid = '24225';
SELECT a.attname,  pg_catalog.format_type(a.atttypid, a.atttypmod),  (SELECT substring(pg_catalog.pg_get_expr(d.adbin, d.adrelid) for 128)  FROM pg_catalog.pg_attrdef d  WHERE d.adrelid = a.attrelid AND d.adnum = a.attnum AND a.atthasdef),  a.attnotnull, a.attnum,  (SELECT c.collname FROM pg_catalog.pg_collation c, pg_catalog.pg_type t  WHERE c.oid = a.attcollation AND t.oid = a.atttypid AND a.attcollation <> t.typcollation) AS attcollation,  NULL AS indexdef,  NULL AS attfdwoptions  FROM pg_catalog.pg_attribute a  WHERE a.attrelid = '24225' AND a.attnum > 0 AND NOT a.attisdropped  ORDER BY a.attnum;
SELECT r.conname, pg_catalog.pg_get_constraintdef(r.oid, true)  FROM pg_catalog.pg_constraint r  WHERE r.conrelid = '24225' AND r.contype = 'c'  ORDER BY 1;
SELECT pol.polname,  CASE WHEN pol.polroles = '{0}' THEN NULL ELSE pg_catalog.array_to_string(array(select rolname from pg_catalog.pg_roles where oid = any (pol.polroles) order by 1),',') END,  pg_catalog.pg_get_expr(pol.polqual, pol.polrelid),  pg_catalog.pg_get_expr(pol.polwithcheck, pol.polrelid),  CASE pol.polcmd  WHEN 'r' THEN 'SELECT'  WHEN 'a' THEN 'INSERT'  WHEN 'w' THEN 'UPDATE'  WHEN 'd' THEN 'DELETE'  WHEN '*' THEN 'ALL'  END AS cmd  FROM pg_catalog.pg_policy pol  WHERE pol.polrelid = '24225' ORDER BY 1;
SELECT c.oid::pg_catalog.regclass FROM pg_catalog.pg_class c, pg_catalog.pg_inherits i WHERE c.oid=i.inhparent AND i.inhrelid = '24225' ORDER BY inhseqno;
SELECT c.oid::pg_catalog.regclass FROM pg_catalog.pg_class c, pg_catalog.pg_inherits i WHERE c.oid=i.inhrelid AND i.inhparent = '24225' ORDER BY c.oid::pg_catalog.regclass::pg_catalog.text;
drop table p1 cascade;
drop table p2 cascade;
create table pp1 (f1 int);
create table cc1 (f2 text, f3 int) inherits (pp1);
alter table pp1 add column a1 int check (a1 > 0);
SELECT c.oid,  n.nspname,  c.relname  FROM pg_catalog.pg_class c  LEFT JOIN pg_catalog.pg_namespace n ON n.oid = c.relnamespace  WHERE c.relname ~ '^(cc1)$'  AND pg_catalog.pg_table_is_visible(c.oid)  ORDER BY 2, 3;
SELECT c.relchecks, c.relkind, c.relhasindex, c.relhasrules, c.relhastriggers, c.relrowsecurity, c.relforcerowsecurity, c.relhasoids, '', c.reltablespace, CASE WHEN c.reloftype = 0 THEN '' ELSE c.reloftype::pg_catalog.regtype::pg_catalog.text END, c.relpersistence, c.relreplident FROM pg_catalog.pg_class c  LEFT JOIN pg_catalog.pg_class tc ON (c.reltoastrelid = tc.oid)  WHERE c.oid = '24232';
SELECT a.attname,  pg_catalog.format_type(a.atttypid, a.atttypmod),  (SELECT substring(pg_catalog.pg_get_expr(d.adbin, d.adrelid) for 128)  FROM pg_catalog.pg_attrdef d  WHERE d.adrelid = a.attrelid AND d.adnum = a.attnum AND a.atthasdef),  a.attnotnull, a.attnum,  (SELECT c.collname FROM pg_catalog.pg_collation c, pg_catalog.pg_type t  WHERE c.oid = a.attcollation AND t.oid = a.atttypid AND a.attcollation <> t.typcollation) AS attcollation,  NULL AS indexdef,  NULL AS attfdwoptions  FROM pg_catalog.pg_attribute a  WHERE a.attrelid = '24232' AND a.attnum > 0 AND NOT a.attisdropped  ORDER BY a.attnum;
SELECT r.conname, pg_catalog.pg_get_constraintdef(r.oid, true)  FROM pg_catalog.pg_constraint r  WHERE r.conrelid = '24232' AND r.contype = 'c'  ORDER BY 1;
SELECT pol.polname,  CASE WHEN pol.polroles = '{0}' THEN NULL ELSE pg_catalog.array_to_string(array(select rolname from pg_catalog.pg_roles where oid = any (pol.polroles) order by 1),',') END,  pg_catalog.pg_get_expr(pol.polqual, pol.polrelid),  pg_catalog.pg_get_expr(pol.polwithcheck, pol.polrelid),  CASE pol.polcmd  WHEN 'r' THEN 'SELECT'  WHEN 'a' THEN 'INSERT'  WHEN 'w' THEN 'UPDATE'  WHEN 'd' THEN 'DELETE'  WHEN '*' THEN 'ALL'  END AS cmd  FROM pg_catalog.pg_policy pol  WHERE pol.polrelid = '24232' ORDER BY 1;
SELECT c.oid::pg_catalog.regclass FROM pg_catalog.pg_class c, pg_catalog.pg_inherits i WHERE c.oid=i.inhparent AND i.inhrelid = '24232' ORDER BY inhseqno;
SELECT c.oid::pg_catalog.regclass FROM pg_catalog.pg_class c, pg_catalog.pg_inherits i WHERE c.oid=i.inhrelid AND i.inhparent = '24232' ORDER BY c.oid::pg_catalog.regclass::pg_catalog.text;
create table cc2(f4 float) inherits(pp1,cc1);
SELECT c.oid,  n.nspname,  c.relname  FROM pg_catalog.pg_class c  LEFT JOIN pg_catalog.pg_namespace n ON n.oid = c.relnamespace  WHERE c.relname ~ '^(cc2)$'  AND pg_catalog.pg_table_is_visible(c.oid)  ORDER BY 2, 3;
SELECT c.relchecks, c.relkind, c.relhasindex, c.relhasrules, c.relhastriggers, c.relrowsecurity, c.relforcerowsecurity, c.relhasoids, '', c.reltablespace, CASE WHEN c.reloftype = 0 THEN '' ELSE c.reloftype::pg_catalog.regtype::pg_catalog.text END, c.relpersistence, c.relreplident FROM pg_catalog.pg_class c  LEFT JOIN pg_catalog.pg_class tc ON (c.reltoastrelid = tc.oid)  WHERE c.oid = '24240';
SELECT a.attname,  pg_catalog.format_type(a.atttypid, a.atttypmod),  (SELECT substring(pg_catalog.pg_get_expr(d.adbin, d.adrelid) for 128)  FROM pg_catalog.pg_attrdef d  WHERE d.adrelid = a.attrelid AND d.adnum = a.attnum AND a.atthasdef),  a.attnotnull, a.attnum,  (SELECT c.collname FROM pg_catalog.pg_collation c, pg_catalog.pg_type t  WHERE c.oid = a.attcollation AND t.oid = a.atttypid AND a.attcollation <> t.typcollation) AS attcollation,  NULL AS indexdef,  NULL AS attfdwoptions  FROM pg_catalog.pg_attribute a  WHERE a.attrelid = '24240' AND a.attnum > 0 AND NOT a.attisdropped  ORDER BY a.attnum;
SELECT r.conname, pg_catalog.pg_get_constraintdef(r.oid, true)  FROM pg_catalog.pg_constraint r  WHERE r.conrelid = '24240' AND r.contype = 'c'  ORDER BY 1;
SELECT pol.polname,  CASE WHEN pol.polroles = '{0}' THEN NULL ELSE pg_catalog.array_to_string(array(select rolname from pg_catalog.pg_roles where oid = any (pol.polroles) order by 1),',') END,  pg_catalog.pg_get_expr(pol.polqual, pol.polrelid),  pg_catalog.pg_get_expr(pol.polwithcheck, pol.polrelid),  CASE pol.polcmd  WHEN 'r' THEN 'SELECT'  WHEN 'a' THEN 'INSERT'  WHEN 'w' THEN 'UPDATE'  WHEN 'd' THEN 'DELETE'  WHEN '*' THEN 'ALL'  END AS cmd  FROM pg_catalog.pg_policy pol  WHERE pol.polrelid = '24240' ORDER BY 1;
SELECT c.oid::pg_catalog.regclass FROM pg_catalog.pg_class c, pg_catalog.pg_inherits i WHERE c.oid=i.inhparent AND i.inhrelid = '24240' ORDER BY inhseqno;
SELECT c.oid::pg_catalog.regclass FROM pg_catalog.pg_class c, pg_catalog.pg_inherits i WHERE c.oid=i.inhrelid AND i.inhparent = '24240' ORDER BY c.oid::pg_catalog.regclass::pg_catalog.text;
alter table pp1 add column a2 int check (a2 > 0);
SELECT c.oid,  n.nspname,  c.relname  FROM pg_catalog.pg_class c  LEFT JOIN pg_catalog.pg_namespace n ON n.oid = c.relnamespace  WHERE c.relname ~ '^(cc2)$'  AND pg_catalog.pg_table_is_visible(c.oid)  ORDER BY 2, 3;
SELECT c.relchecks, c.relkind, c.relhasindex, c.relhasrules, c.relhastriggers, c.relrowsecurity, c.relforcerowsecurity, c.relhasoids, '', c.reltablespace, CASE WHEN c.reloftype = 0 THEN '' ELSE c.reloftype::pg_catalog.regtype::pg_catalog.text END, c.relpersistence, c.relreplident FROM pg_catalog.pg_class c  LEFT JOIN pg_catalog.pg_class tc ON (c.reltoastrelid = tc.oid)  WHERE c.oid = '24240';
SELECT a.attname,  pg_catalog.format_type(a.atttypid, a.atttypmod),  (SELECT substring(pg_catalog.pg_get_expr(d.adbin, d.adrelid) for 128)  FROM pg_catalog.pg_attrdef d  WHERE d.adrelid = a.attrelid AND d.adnum = a.attnum AND a.atthasdef),  a.attnotnull, a.attnum,  (SELECT c.collname FROM pg_catalog.pg_collation c, pg_catalog.pg_type t  WHERE c.oid = a.attcollation AND t.oid = a.atttypid AND a.attcollation <> t.typcollation) AS attcollation,  NULL AS indexdef,  NULL AS attfdwoptions  FROM pg_catalog.pg_attribute a  WHERE a.attrelid = '24240' AND a.attnum > 0 AND NOT a.attisdropped  ORDER BY a.attnum;
SELECT r.conname, pg_catalog.pg_get_constraintdef(r.oid, true)  FROM pg_catalog.pg_constraint r  WHERE r.conrelid = '24240' AND r.contype = 'c'  ORDER BY 1;
SELECT pol.polname,  CASE WHEN pol.polroles = '{0}' THEN NULL ELSE pg_catalog.array_to_string(array(select rolname from pg_catalog.pg_roles where oid = any (pol.polroles) order by 1),',') END,  pg_catalog.pg_get_expr(pol.polqual, pol.polrelid),  pg_catalog.pg_get_expr(pol.polwithcheck, pol.polrelid),  CASE pol.polcmd  WHEN 'r' THEN 'SELECT'  WHEN 'a' THEN 'INSERT'  WHEN 'w' THEN 'UPDATE'  WHEN 'd' THEN 'DELETE'  WHEN '*' THEN 'ALL'  END AS cmd  FROM pg_catalog.pg_policy pol  WHERE pol.polrelid = '24240' ORDER BY 1;
SELECT c.oid::pg_catalog.regclass FROM pg_catalog.pg_class c, pg_catalog.pg_inherits i WHERE c.oid=i.inhparent AND i.inhrelid = '24240' ORDER BY inhseqno;
SELECT c.oid::pg_catalog.regclass FROM pg_catalog.pg_class c, pg_catalog.pg_inherits i WHERE c.oid=i.inhrelid AND i.inhparent = '24240' ORDER BY c.oid::pg_catalog.regclass::pg_catalog.text;
drop table pp1 cascade;
CREATE TABLE inht1 (a int, b int);
CREATE TABLE inhs1 (b int, c int);
CREATE TABLE inhts (d int) INHERITS (inht1, inhs1);
ALTER TABLE inht1 RENAME a TO aa;
ALTER TABLE inht1 RENAME b TO bb;
ALTER TABLE inhts RENAME aa TO aaa;
ALTER TABLE inhts RENAME d TO dd;
SELECT c.oid,  n.nspname,  c.relname  FROM pg_catalog.pg_class c  LEFT JOIN pg_catalog.pg_namespace n ON n.oid = c.relnamespace  WHERE c.relname ~ '^(inhts)$'  AND pg_catalog.pg_table_is_visible(c.oid)  ORDER BY 2, 3;
SELECT c.relchecks, c.relkind, c.relhasindex, c.relhasrules, c.relhastriggers, c.relrowsecurity, c.relforcerowsecurity, c.relhasoids, pg_catalog.array_to_string(c.reloptions || array(select 'toast.' || x from pg_catalog.unnest(tc.reloptions) x), ', ')  , c.reltablespace, CASE WHEN c.reloftype = 0 THEN '' ELSE c.reloftype::pg_catalog.regtype::pg_catalog.text END, c.relpersistence, c.relreplident  FROM pg_catalog.pg_class c  LEFT JOIN pg_catalog.pg_class tc ON (c.reltoastrelid = tc.oid)  WHERE c.oid = '24256';
SELECT a.attname,  pg_catalog.format_type(a.atttypid, a.atttypmod),  (SELECT substring(pg_catalog.pg_get_expr(d.adbin, d.adrelid) for 128)  FROM pg_catalog.pg_attrdef d  WHERE d.adrelid = a.attrelid AND d.adnum = a.attnum AND a.atthasdef),  a.attnotnull, a.attnum,  (SELECT c.collname FROM pg_catalog.pg_collation c, pg_catalog.pg_type t  WHERE c.oid = a.attcollation AND t.oid = a.atttypid AND a.attcollation <> t.typcollation) AS attcollation,  NULL AS indexdef,  NULL AS attfdwoptions,  a.attstorage,  CASE WHEN a.attstattarget=-1 THEN NULL ELSE a.attstattarget END AS attstattarget, pg_catalog.col_description(a.attrelid, a.attnum)  FROM pg_catalog.pg_attribute a  WHERE a.attrelid = '24256' AND a.attnum > 0 AND NOT a.attisdropped  ORDER BY a.attnum;
SELECT pol.polname,  CASE WHEN pol.polroles = '{0}' THEN NULL ELSE pg_catalog.array_to_string(array(select rolname from pg_catalog.pg_roles where oid = any (pol.polroles) order by 1),',') END,  pg_catalog.pg_get_expr(pol.polqual, pol.polrelid),  pg_catalog.pg_get_expr(pol.polwithcheck, pol.polrelid),  CASE pol.polcmd  WHEN 'r' THEN 'SELECT'  WHEN 'a' THEN 'INSERT'  WHEN 'w' THEN 'UPDATE'  WHEN 'd' THEN 'DELETE'  WHEN '*' THEN 'ALL'  END AS cmd  FROM pg_catalog.pg_policy pol  WHERE pol.polrelid = '24256' ORDER BY 1;
SELECT c.oid::pg_catalog.regclass FROM pg_catalog.pg_class c, pg_catalog.pg_inherits i WHERE c.oid=i.inhparent AND i.inhrelid = '24256' ORDER BY inhseqno;
SELECT c.oid::pg_catalog.regclass FROM pg_catalog.pg_class c, pg_catalog.pg_inherits i WHERE c.oid=i.inhrelid AND i.inhparent = '24256' ORDER BY c.oid::pg_catalog.regclass::pg_catalog.text;
DROP TABLE inhts;
CREATE TABLE inht2 (x int) INHERITS (inht1);
CREATE TABLE inht3 (y int) INHERITS (inht1);
CREATE TABLE inht4 (z int) INHERITS (inht2, inht3);
ALTER TABLE inht1 RENAME aa TO aaa;
SELECT c.oid,  n.nspname,  c.relname  FROM pg_catalog.pg_class c  LEFT JOIN pg_catalog.pg_namespace n ON n.oid = c.relnamespace  WHERE c.relname ~ '^(inht4)$'  AND pg_catalog.pg_table_is_visible(c.oid)  ORDER BY 2, 3;
SELECT c.relchecks, c.relkind, c.relhasindex, c.relhasrules, c.relhastriggers, c.relrowsecurity, c.relforcerowsecurity, c.relhasoids, pg_catalog.array_to_string(c.reloptions || array(select 'toast.' || x from pg_catalog.unnest(tc.reloptions) x), ', ')  , c.reltablespace, CASE WHEN c.reloftype = 0 THEN '' ELSE c.reloftype::pg_catalog.regtype::pg_catalog.text END, c.relpersistence, c.relreplident  FROM pg_catalog.pg_class c  LEFT JOIN pg_catalog.pg_class tc ON (c.reltoastrelid = tc.oid)  WHERE c.oid = '24265';
SELECT a.attname,  pg_catalog.format_type(a.atttypid, a.atttypmod),  (SELECT substring(pg_catalog.pg_get_expr(d.adbin, d.adrelid) for 128)  FROM pg_catalog.pg_attrdef d  WHERE d.adrelid = a.attrelid AND d.adnum = a.attnum AND a.atthasdef),  a.attnotnull, a.attnum,  (SELECT c.collname FROM pg_catalog.pg_collation c, pg_catalog.pg_type t  WHERE c.oid = a.attcollation AND t.oid = a.atttypid AND a.attcollation <> t.typcollation) AS attcollation,  NULL AS indexdef,  NULL AS attfdwoptions,  a.attstorage,  CASE WHEN a.attstattarget=-1 THEN NULL ELSE a.attstattarget END AS attstattarget, pg_catalog.col_description(a.attrelid, a.attnum)  FROM pg_catalog.pg_attribute a  WHERE a.attrelid = '24265' AND a.attnum > 0 AND NOT a.attisdropped  ORDER BY a.attnum;
SELECT pol.polname,  CASE WHEN pol.polroles = '{0}' THEN NULL ELSE pg_catalog.array_to_string(array(select rolname from pg_catalog.pg_roles where oid = any (pol.polroles) order by 1),',') END,  pg_catalog.pg_get_expr(pol.polqual, pol.polrelid),  pg_catalog.pg_get_expr(pol.polwithcheck, pol.polrelid),  CASE pol.polcmd  WHEN 'r' THEN 'SELECT'  WHEN 'a' THEN 'INSERT'  WHEN 'w' THEN 'UPDATE'  WHEN 'd' THEN 'DELETE'  WHEN '*' THEN 'ALL'  END AS cmd  FROM pg_catalog.pg_policy pol  WHERE pol.polrelid = '24265' ORDER BY 1;
SELECT c.oid::pg_catalog.regclass FROM pg_catalog.pg_class c, pg_catalog.pg_inherits i WHERE c.oid=i.inhparent AND i.inhrelid = '24265' ORDER BY inhseqno;
SELECT c.oid::pg_catalog.regclass FROM pg_catalog.pg_class c, pg_catalog.pg_inherits i WHERE c.oid=i.inhrelid AND i.inhparent = '24265' ORDER BY c.oid::pg_catalog.regclass::pg_catalog.text;
CREATE TABLE inhts (d int) INHERITS (inht2, inhs1);
ALTER TABLE inht1 RENAME aaa TO aaaa;
ALTER TABLE inht1 RENAME b TO bb;
SELECT c.oid,  n.nspname,  c.relname  FROM pg_catalog.pg_class c  LEFT JOIN pg_catalog.pg_namespace n ON n.oid = c.relnamespace  WHERE c.relname ~ '^(inhts)$'  AND pg_catalog.pg_table_is_visible(c.oid)  ORDER BY 2, 3;
SELECT c.relchecks, c.relkind, c.relhasindex, c.relhasrules, c.relhastriggers, c.relrowsecurity, c.relforcerowsecurity, c.relhasoids, pg_catalog.array_to_string(c.reloptions || array(select 'toast.' || x from pg_catalog.unnest(tc.reloptions) x), ', ')  , c.reltablespace, CASE WHEN c.reloftype = 0 THEN '' ELSE c.reloftype::pg_catalog.regtype::pg_catalog.text END, c.relpersistence, c.relreplident  FROM pg_catalog.pg_class c  LEFT JOIN pg_catalog.pg_class tc ON (c.reltoastrelid = tc.oid)  WHERE c.oid = '24268';
SELECT a.attname,  pg_catalog.format_type(a.atttypid, a.atttypmod),  (SELECT substring(pg_catalog.pg_get_expr(d.adbin, d.adrelid) for 128)  FROM pg_catalog.pg_attrdef d  WHERE d.adrelid = a.attrelid AND d.adnum = a.attnum AND a.atthasdef),  a.attnotnull, a.attnum,  (SELECT c.collname FROM pg_catalog.pg_collation c, pg_catalog.pg_type t  WHERE c.oid = a.attcollation AND t.oid = a.atttypid AND a.attcollation <> t.typcollation) AS attcollation,  NULL AS indexdef,  NULL AS attfdwoptions,  a.attstorage,  CASE WHEN a.attstattarget=-1 THEN NULL ELSE a.attstattarget END AS attstattarget, pg_catalog.col_description(a.attrelid, a.attnum)  FROM pg_catalog.pg_attribute a  WHERE a.attrelid = '24268' AND a.attnum > 0 AND NOT a.attisdropped  ORDER BY a.attnum;
SELECT pol.polname,  CASE WHEN pol.polroles = '{0}' THEN NULL ELSE pg_catalog.array_to_string(array(select rolname from pg_catalog.pg_roles where oid = any (pol.polroles) order by 1),',') END,  pg_catalog.pg_get_expr(pol.polqual, pol.polrelid),  pg_catalog.pg_get_expr(pol.polwithcheck, pol.polrelid),  CASE pol.polcmd  WHEN 'r' THEN 'SELECT'  WHEN 'a' THEN 'INSERT'  WHEN 'w' THEN 'UPDATE'  WHEN 'd' THEN 'DELETE'  WHEN '*' THEN 'ALL'  END AS cmd  FROM pg_catalog.pg_policy pol  WHERE pol.polrelid = '24268' ORDER BY 1;
SELECT c.oid::pg_catalog.regclass FROM pg_catalog.pg_class c, pg_catalog.pg_inherits i WHERE c.oid=i.inhparent AND i.inhrelid = '24268' ORDER BY inhseqno;
SELECT c.oid::pg_catalog.regclass FROM pg_catalog.pg_class c, pg_catalog.pg_inherits i WHERE c.oid=i.inhrelid AND i.inhparent = '24268' ORDER BY c.oid::pg_catalog.regclass::pg_catalog.text;
WITH RECURSIVE r AS (  SELECT 'inht1'::regclass AS inhrelid  UNION ALL  SELECT c.inhrelid FROM pg_inherits c, r WHERE r.inhrelid = c.inhparent  )  SELECT a.attrelid::regclass, a.attname, a.attinhcount, e.expected  FROM (SELECT inhrelid, count(*) AS expected FROM pg_inherits  WHERE inhparent IN (SELECT inhrelid FROM r) GROUP BY inhrelid) e  JOIN pg_attribute a ON e.inhrelid = a.attrelid WHERE NOT attislocal  ORDER BY a.attrelid::regclass::name, a.attnum;
DROP TABLE inht1, inhs1 CASCADE;
CREATE TABLE test_constraints (id int, val1 varchar, val2 int, UNIQUE(val1, val2));
CREATE TABLE test_constraints_inh () INHERITS (test_constraints);
SELECT c.oid,  n.nspname,  c.relname  FROM pg_catalog.pg_class c  LEFT JOIN pg_catalog.pg_namespace n ON n.oid = c.relnamespace  WHERE c.relname ~ '^(test_constraints)$'  AND pg_catalog.pg_table_is_visible(c.oid)  ORDER BY 2, 3;
SELECT c.relchecks, c.relkind, c.relhasindex, c.relhasrules, c.relhastriggers, c.relrowsecurity, c.relforcerowsecurity, c.relhasoids, pg_catalog.array_to_string(c.reloptions || array(select 'toast.' || x from pg_catalog.unnest(tc.reloptions) x), ', ')  , c.reltablespace, CASE WHEN c.reloftype = 0 THEN '' ELSE c.reloftype::pg_catalog.regtype::pg_catalog.text END, c.relpersistence, c.relreplident  FROM pg_catalog.pg_class c  LEFT JOIN pg_catalog.pg_class tc ON (c.reltoastrelid = tc.oid)  WHERE c.oid = '24271';
SELECT a.attname,  pg_catalog.format_type(a.atttypid, a.atttypmod),  (SELECT substring(pg_catalog.pg_get_expr(d.adbin, d.adrelid) for 128)  FROM pg_catalog.pg_attrdef d  WHERE d.adrelid = a.attrelid AND d.adnum = a.attnum AND a.atthasdef),  a.attnotnull, a.attnum,  (SELECT c.collname FROM pg_catalog.pg_collation c, pg_catalog.pg_type t  WHERE c.oid = a.attcollation AND t.oid = a.atttypid AND a.attcollation <> t.typcollation) AS attcollation,  NULL AS indexdef,  NULL AS attfdwoptions,  a.attstorage,  CASE WHEN a.attstattarget=-1 THEN NULL ELSE a.attstattarget END AS attstattarget, pg_catalog.col_description(a.attrelid, a.attnum)  FROM pg_catalog.pg_attribute a  WHERE a.attrelid = '24271' AND a.attnum > 0 AND NOT a.attisdropped  ORDER BY a.attnum;
SELECT c2.relname, i.indisprimary, i.indisunique, i.indisclustered, i.indisvalid, pg_catalog.pg_get_indexdef(i.indexrelid, 0, true),  pg_catalog.pg_get_constraintdef(con.oid, true), contype, condeferrable, condeferred, i.indisreplident, c2.reltablespace  FROM pg_catalog.pg_class c, pg_catalog.pg_class c2, pg_catalog.pg_index i  LEFT JOIN pg_catalog.pg_constraint con ON (conrelid = i.indrelid AND conindid = i.indexrelid AND contype IN ('p','u','x'))  WHERE c.oid = '24271' AND c.oid = i.indrelid AND i.indexrelid = c2.oid  ORDER BY i.indisprimary DESC, i.indisunique DESC, c2.relname;
SELECT pol.polname,  CASE WHEN pol.polroles = '{0}' THEN NULL ELSE pg_catalog.array_to_string(array(select rolname from pg_catalog.pg_roles where oid = any (pol.polroles) order by 1),',') END,  pg_catalog.pg_get_expr(pol.polqual, pol.polrelid),  pg_catalog.pg_get_expr(pol.polwithcheck, pol.polrelid),  CASE pol.polcmd  WHEN 'r' THEN 'SELECT'  WHEN 'a' THEN 'INSERT'  WHEN 'w' THEN 'UPDATE'  WHEN 'd' THEN 'DELETE'  WHEN '*' THEN 'ALL'  END AS cmd  FROM pg_catalog.pg_policy pol  WHERE pol.polrelid = '24271' ORDER BY 1;
SELECT c.oid::pg_catalog.regclass FROM pg_catalog.pg_class c, pg_catalog.pg_inherits i WHERE c.oid=i.inhparent AND i.inhrelid = '24271' ORDER BY inhseqno;
SELECT c.oid::pg_catalog.regclass FROM pg_catalog.pg_class c, pg_catalog.pg_inherits i WHERE c.oid=i.inhrelid AND i.inhparent = '24271' ORDER BY c.oid::pg_catalog.regclass::pg_catalog.text;
ALTER TABLE ONLY test_constraints DROP CONSTRAINT test_constraints_val1_val2_key;
SELECT c.oid,  n.nspname,  c.relname  FROM pg_catalog.pg_class c  LEFT JOIN pg_catalog.pg_namespace n ON n.oid = c.relnamespace  WHERE c.relname ~ '^(test_constraints)$'  AND pg_catalog.pg_table_is_visible(c.oid)  ORDER BY 2, 3;
SELECT c.relchecks, c.relkind, c.relhasindex, c.relhasrules, c.relhastriggers, c.relrowsecurity, c.relforcerowsecurity, c.relhasoids, pg_catalog.array_to_string(c.reloptions || array(select 'toast.' || x from pg_catalog.unnest(tc.reloptions) x), ', ')  , c.reltablespace, CASE WHEN c.reloftype = 0 THEN '' ELSE c.reloftype::pg_catalog.regtype::pg_catalog.text END, c.relpersistence, c.relreplident  FROM pg_catalog.pg_class c  LEFT JOIN pg_catalog.pg_class tc ON (c.reltoastrelid = tc.oid)  WHERE c.oid = '24271';
SELECT a.attname,  pg_catalog.format_type(a.atttypid, a.atttypmod),  (SELECT substring(pg_catalog.pg_get_expr(d.adbin, d.adrelid) for 128)  FROM pg_catalog.pg_attrdef d  WHERE d.adrelid = a.attrelid AND d.adnum = a.attnum AND a.atthasdef),  a.attnotnull, a.attnum,  (SELECT c.collname FROM pg_catalog.pg_collation c, pg_catalog.pg_type t  WHERE c.oid = a.attcollation AND t.oid = a.atttypid AND a.attcollation <> t.typcollation) AS attcollation,  NULL AS indexdef,  NULL AS attfdwoptions,  a.attstorage,  CASE WHEN a.attstattarget=-1 THEN NULL ELSE a.attstattarget END AS attstattarget, pg_catalog.col_description(a.attrelid, a.attnum)  FROM pg_catalog.pg_attribute a  WHERE a.attrelid = '24271' AND a.attnum > 0 AND NOT a.attisdropped  ORDER BY a.attnum;
SELECT c2.relname, i.indisprimary, i.indisunique, i.indisclustered, i.indisvalid, pg_catalog.pg_get_indexdef(i.indexrelid, 0, true),  pg_catalog.pg_get_constraintdef(con.oid, true), contype, condeferrable, condeferred, i.indisreplident, c2.reltablespace  FROM pg_catalog.pg_class c, pg_catalog.pg_class c2, pg_catalog.pg_index i  LEFT JOIN pg_catalog.pg_constraint con ON (conrelid = i.indrelid AND conindid = i.indexrelid AND contype IN ('p','u','x'))  WHERE c.oid = '24271' AND c.oid = i.indrelid AND i.indexrelid = c2.oid  ORDER BY i.indisprimary DESC, i.indisunique DESC, c2.relname;
SELECT pol.polname,  CASE WHEN pol.polroles = '{0}' THEN NULL ELSE pg_catalog.array_to_string(array(select rolname from pg_catalog.pg_roles where oid = any (pol.polroles) order by 1),',') END,  pg_catalog.pg_get_expr(pol.polqual, pol.polrelid),  pg_catalog.pg_get_expr(pol.polwithcheck, pol.polrelid),  CASE pol.polcmd  WHEN 'r' THEN 'SELECT'  WHEN 'a' THEN 'INSERT'  WHEN 'w' THEN 'UPDATE'  WHEN 'd' THEN 'DELETE'  WHEN '*' THEN 'ALL'  END AS cmd  FROM pg_catalog.pg_policy pol  WHERE pol.polrelid = '24271' ORDER BY 1;
SELECT c.oid::pg_catalog.regclass FROM pg_catalog.pg_class c, pg_catalog.pg_inherits i WHERE c.oid=i.inhparent AND i.inhrelid = '24271' ORDER BY inhseqno;
SELECT c.oid::pg_catalog.regclass FROM pg_catalog.pg_class c, pg_catalog.pg_inherits i WHERE c.oid=i.inhrelid AND i.inhparent = '24271' ORDER BY c.oid::pg_catalog.regclass::pg_catalog.text;
SELECT c.oid,  n.nspname,  c.relname  FROM pg_catalog.pg_class c  LEFT JOIN pg_catalog.pg_namespace n ON n.oid = c.relnamespace  WHERE c.relname ~ '^(test_constraints_inh)$'  AND pg_catalog.pg_table_is_visible(c.oid)  ORDER BY 2, 3;
SELECT c.relchecks, c.relkind, c.relhasindex, c.relhasrules, c.relhastriggers, c.relrowsecurity, c.relforcerowsecurity, c.relhasoids, pg_catalog.array_to_string(c.reloptions || array(select 'toast.' || x from pg_catalog.unnest(tc.reloptions) x), ', ')  , c.reltablespace, CASE WHEN c.reloftype = 0 THEN '' ELSE c.reloftype::pg_catalog.regtype::pg_catalog.text END, c.relpersistence, c.relreplident  FROM pg_catalog.pg_class c  LEFT JOIN pg_catalog.pg_class tc ON (c.reltoastrelid = tc.oid)  WHERE c.oid = '24279';
SELECT a.attname,  pg_catalog.format_type(a.atttypid, a.atttypmod),  (SELECT substring(pg_catalog.pg_get_expr(d.adbin, d.adrelid) for 128)  FROM pg_catalog.pg_attrdef d  WHERE d.adrelid = a.attrelid AND d.adnum = a.attnum AND a.atthasdef),  a.attnotnull, a.attnum,  (SELECT c.collname FROM pg_catalog.pg_collation c, pg_catalog.pg_type t  WHERE c.oid = a.attcollation AND t.oid = a.atttypid AND a.attcollation <> t.typcollation) AS attcollation,  NULL AS indexdef,  NULL AS attfdwoptions,  a.attstorage,  CASE WHEN a.attstattarget=-1 THEN NULL ELSE a.attstattarget END AS attstattarget, pg_catalog.col_description(a.attrelid, a.attnum)  FROM pg_catalog.pg_attribute a  WHERE a.attrelid = '24279' AND a.attnum > 0 AND NOT a.attisdropped  ORDER BY a.attnum;
SELECT pol.polname,  CASE WHEN pol.polroles = '{0}' THEN NULL ELSE pg_catalog.array_to_string(array(select rolname from pg_catalog.pg_roles where oid = any (pol.polroles) order by 1),',') END,  pg_catalog.pg_get_expr(pol.polqual, pol.polrelid),  pg_catalog.pg_get_expr(pol.polwithcheck, pol.polrelid),  CASE pol.polcmd  WHEN 'r' THEN 'SELECT'  WHEN 'a' THEN 'INSERT'  WHEN 'w' THEN 'UPDATE'  WHEN 'd' THEN 'DELETE'  WHEN '*' THEN 'ALL'  END AS cmd  FROM pg_catalog.pg_policy pol  WHERE pol.polrelid = '24279' ORDER BY 1;
SELECT c.oid::pg_catalog.regclass FROM pg_catalog.pg_class c, pg_catalog.pg_inherits i WHERE c.oid=i.inhparent AND i.inhrelid = '24279' ORDER BY inhseqno;
SELECT c.oid::pg_catalog.regclass FROM pg_catalog.pg_class c, pg_catalog.pg_inherits i WHERE c.oid=i.inhrelid AND i.inhparent = '24279' ORDER BY c.oid::pg_catalog.regclass::pg_catalog.text;
DROP TABLE test_constraints_inh;
DROP TABLE test_constraints;
CREATE TABLE test_ex_constraints (  c circle,  EXCLUDE USING gist (c WITH &&)  );
CREATE TABLE test_ex_constraints_inh () INHERITS (test_ex_constraints);
SELECT c.oid,  n.nspname,  c.relname  FROM pg_catalog.pg_class c  LEFT JOIN pg_catalog.pg_namespace n ON n.oid = c.relnamespace  WHERE c.relname ~ '^(test_ex_constraints)$'  AND pg_catalog.pg_table_is_visible(c.oid)  ORDER BY 2, 3;
SELECT c.relchecks, c.relkind, c.relhasindex, c.relhasrules, c.relhastriggers, c.relrowsecurity, c.relforcerowsecurity, c.relhasoids, pg_catalog.array_to_string(c.reloptions || array(select 'toast.' || x from pg_catalog.unnest(tc.reloptions) x), ', ')  , c.reltablespace, CASE WHEN c.reloftype = 0 THEN '' ELSE c.reloftype::pg_catalog.regtype::pg_catalog.text END, c.relpersistence, c.relreplident  FROM pg_catalog.pg_class c  LEFT JOIN pg_catalog.pg_class tc ON (c.reltoastrelid = tc.oid)  WHERE c.oid = '24285';
SELECT a.attname,  pg_catalog.format_type(a.atttypid, a.atttypmod),  (SELECT substring(pg_catalog.pg_get_expr(d.adbin, d.adrelid) for 128)  FROM pg_catalog.pg_attrdef d  WHERE d.adrelid = a.attrelid AND d.adnum = a.attnum AND a.atthasdef),  a.attnotnull, a.attnum,  (SELECT c.collname FROM pg_catalog.pg_collation c, pg_catalog.pg_type t  WHERE c.oid = a.attcollation AND t.oid = a.atttypid AND a.attcollation <> t.typcollation) AS attcollation,  NULL AS indexdef,  NULL AS attfdwoptions,  a.attstorage,  CASE WHEN a.attstattarget=-1 THEN NULL ELSE a.attstattarget END AS attstattarget, pg_catalog.col_description(a.attrelid, a.attnum)  FROM pg_catalog.pg_attribute a  WHERE a.attrelid = '24285' AND a.attnum > 0 AND NOT a.attisdropped  ORDER BY a.attnum;
SELECT c2.relname, i.indisprimary, i.indisunique, i.indisclustered, i.indisvalid, pg_catalog.pg_get_indexdef(i.indexrelid, 0, true),  pg_catalog.pg_get_constraintdef(con.oid, true), contype, condeferrable, condeferred, i.indisreplident, c2.reltablespace  FROM pg_catalog.pg_class c, pg_catalog.pg_class c2, pg_catalog.pg_index i  LEFT JOIN pg_catalog.pg_constraint con ON (conrelid = i.indrelid AND conindid = i.indexrelid AND contype IN ('p','u','x'))  WHERE c.oid = '24285' AND c.oid = i.indrelid AND i.indexrelid = c2.oid  ORDER BY i.indisprimary DESC, i.indisunique DESC, c2.relname;
SELECT pol.polname,  CASE WHEN pol.polroles = '{0}' THEN NULL ELSE pg_catalog.array_to_string(array(select rolname from pg_catalog.pg_roles where oid = any (pol.polroles) order by 1),',') END,  pg_catalog.pg_get_expr(pol.polqual, pol.polrelid),  pg_catalog.pg_get_expr(pol.polwithcheck, pol.polrelid),  CASE pol.polcmd  WHEN 'r' THEN 'SELECT'  WHEN 'a' THEN 'INSERT'  WHEN 'w' THEN 'UPDATE'  WHEN 'd' THEN 'DELETE'  WHEN '*' THEN 'ALL'  END AS cmd  FROM pg_catalog.pg_policy pol  WHERE pol.polrelid = '24285' ORDER BY 1;
SELECT c.oid::pg_catalog.regclass FROM pg_catalog.pg_class c, pg_catalog.pg_inherits i WHERE c.oid=i.inhparent AND i.inhrelid = '24285' ORDER BY inhseqno;
SELECT c.oid::pg_catalog.regclass FROM pg_catalog.pg_class c, pg_catalog.pg_inherits i WHERE c.oid=i.inhrelid AND i.inhparent = '24285' ORDER BY c.oid::pg_catalog.regclass::pg_catalog.text;
ALTER TABLE test_ex_constraints DROP CONSTRAINT test_ex_constraints_c_excl;
SELECT c.oid,  n.nspname,  c.relname  FROM pg_catalog.pg_class c  LEFT JOIN pg_catalog.pg_namespace n ON n.oid = c.relnamespace  WHERE c.relname ~ '^(test_ex_constraints)$'  AND pg_catalog.pg_table_is_visible(c.oid)  ORDER BY 2, 3;
SELECT c.relchecks, c.relkind, c.relhasindex, c.relhasrules, c.relhastriggers, c.relrowsecurity, c.relforcerowsecurity, c.relhasoids, pg_catalog.array_to_string(c.reloptions || array(select 'toast.' || x from pg_catalog.unnest(tc.reloptions) x), ', ')  , c.reltablespace, CASE WHEN c.reloftype = 0 THEN '' ELSE c.reloftype::pg_catalog.regtype::pg_catalog.text END, c.relpersistence, c.relreplident  FROM pg_catalog.pg_class c  LEFT JOIN pg_catalog.pg_class tc ON (c.reltoastrelid = tc.oid)  WHERE c.oid = '24285';
SELECT a.attname,  pg_catalog.format_type(a.atttypid, a.atttypmod),  (SELECT substring(pg_catalog.pg_get_expr(d.adbin, d.adrelid) for 128)  FROM pg_catalog.pg_attrdef d  WHERE d.adrelid = a.attrelid AND d.adnum = a.attnum AND a.atthasdef),  a.attnotnull, a.attnum,  (SELECT c.collname FROM pg_catalog.pg_collation c, pg_catalog.pg_type t  WHERE c.oid = a.attcollation AND t.oid = a.atttypid AND a.attcollation <> t.typcollation) AS attcollation,  NULL AS indexdef,  NULL AS attfdwoptions,  a.attstorage,  CASE WHEN a.attstattarget=-1 THEN NULL ELSE a.attstattarget END AS attstattarget, pg_catalog.col_description(a.attrelid, a.attnum)  FROM pg_catalog.pg_attribute a  WHERE a.attrelid = '24285' AND a.attnum > 0 AND NOT a.attisdropped  ORDER BY a.attnum;
SELECT c2.relname, i.indisprimary, i.indisunique, i.indisclustered, i.indisvalid, pg_catalog.pg_get_indexdef(i.indexrelid, 0, true),  pg_catalog.pg_get_constraintdef(con.oid, true), contype, condeferrable, condeferred, i.indisreplident, c2.reltablespace  FROM pg_catalog.pg_class c, pg_catalog.pg_class c2, pg_catalog.pg_index i  LEFT JOIN pg_catalog.pg_constraint con ON (conrelid = i.indrelid AND conindid = i.indexrelid AND contype IN ('p','u','x'))  WHERE c.oid = '24285' AND c.oid = i.indrelid AND i.indexrelid = c2.oid  ORDER BY i.indisprimary DESC, i.indisunique DESC, c2.relname;
SELECT pol.polname,  CASE WHEN pol.polroles = '{0}' THEN NULL ELSE pg_catalog.array_to_string(array(select rolname from pg_catalog.pg_roles where oid = any (pol.polroles) order by 1),',') END,  pg_catalog.pg_get_expr(pol.polqual, pol.polrelid),  pg_catalog.pg_get_expr(pol.polwithcheck, pol.polrelid),  CASE pol.polcmd  WHEN 'r' THEN 'SELECT'  WHEN 'a' THEN 'INSERT'  WHEN 'w' THEN 'UPDATE'  WHEN 'd' THEN 'DELETE'  WHEN '*' THEN 'ALL'  END AS cmd  FROM pg_catalog.pg_policy pol  WHERE pol.polrelid = '24285' ORDER BY 1;
SELECT c.oid::pg_catalog.regclass FROM pg_catalog.pg_class c, pg_catalog.pg_inherits i WHERE c.oid=i.inhparent AND i.inhrelid = '24285' ORDER BY inhseqno;
SELECT c.oid::pg_catalog.regclass FROM pg_catalog.pg_class c, pg_catalog.pg_inherits i WHERE c.oid=i.inhrelid AND i.inhparent = '24285' ORDER BY c.oid::pg_catalog.regclass::pg_catalog.text;
SELECT c.oid,  n.nspname,  c.relname  FROM pg_catalog.pg_class c  LEFT JOIN pg_catalog.pg_namespace n ON n.oid = c.relnamespace  WHERE c.relname ~ '^(test_ex_constraints_inh)$'  AND pg_catalog.pg_table_is_visible(c.oid)  ORDER BY 2, 3;
SELECT c.relchecks, c.relkind, c.relhasindex, c.relhasrules, c.relhastriggers, c.relrowsecurity, c.relforcerowsecurity, c.relhasoids, pg_catalog.array_to_string(c.reloptions || array(select 'toast.' || x from pg_catalog.unnest(tc.reloptions) x), ', ')  , c.reltablespace, CASE WHEN c.reloftype = 0 THEN '' ELSE c.reloftype::pg_catalog.regtype::pg_catalog.text END, c.relpersistence, c.relreplident  FROM pg_catalog.pg_class c  LEFT JOIN pg_catalog.pg_class tc ON (c.reltoastrelid = tc.oid)  WHERE c.oid = '24290';
SELECT a.attname,  pg_catalog.format_type(a.atttypid, a.atttypmod),  (SELECT substring(pg_catalog.pg_get_expr(d.adbin, d.adrelid) for 128)  FROM pg_catalog.pg_attrdef d  WHERE d.adrelid = a.attrelid AND d.adnum = a.attnum AND a.atthasdef),  a.attnotnull, a.attnum,  (SELECT c.collname FROM pg_catalog.pg_collation c, pg_catalog.pg_type t  WHERE c.oid = a.attcollation AND t.oid = a.atttypid AND a.attcollation <> t.typcollation) AS attcollation,  NULL AS indexdef,  NULL AS attfdwoptions,  a.attstorage,  CASE WHEN a.attstattarget=-1 THEN NULL ELSE a.attstattarget END AS attstattarget, pg_catalog.col_description(a.attrelid, a.attnum)  FROM pg_catalog.pg_attribute a  WHERE a.attrelid = '24290' AND a.attnum > 0 AND NOT a.attisdropped  ORDER BY a.attnum;
SELECT pol.polname,  CASE WHEN pol.polroles = '{0}' THEN NULL ELSE pg_catalog.array_to_string(array(select rolname from pg_catalog.pg_roles where oid = any (pol.polroles) order by 1),',') END,  pg_catalog.pg_get_expr(pol.polqual, pol.polrelid),  pg_catalog.pg_get_expr(pol.polwithcheck, pol.polrelid),  CASE pol.polcmd  WHEN 'r' THEN 'SELECT'  WHEN 'a' THEN 'INSERT'  WHEN 'w' THEN 'UPDATE'  WHEN 'd' THEN 'DELETE'  WHEN '*' THEN 'ALL'  END AS cmd  FROM pg_catalog.pg_policy pol  WHERE pol.polrelid = '24290' ORDER BY 1;
SELECT c.oid::pg_catalog.regclass FROM pg_catalog.pg_class c, pg_catalog.pg_inherits i WHERE c.oid=i.inhparent AND i.inhrelid = '24290' ORDER BY inhseqno;
SELECT c.oid::pg_catalog.regclass FROM pg_catalog.pg_class c, pg_catalog.pg_inherits i WHERE c.oid=i.inhrelid AND i.inhparent = '24290' ORDER BY c.oid::pg_catalog.regclass::pg_catalog.text;
DROP TABLE test_ex_constraints_inh;
DROP TABLE test_ex_constraints;
CREATE TABLE test_primary_constraints(id int PRIMARY KEY);
CREATE TABLE test_foreign_constraints(id1 int REFERENCES test_primary_constraints(id));
CREATE TABLE test_foreign_constraints_inh () INHERITS (test_foreign_constraints);
SELECT c.oid,  n.nspname,  c.relname  FROM pg_catalog.pg_class c  LEFT JOIN pg_catalog.pg_namespace n ON n.oid = c.relnamespace  WHERE c.relname ~ '^(test_primary_constraints)$'  AND pg_catalog.pg_table_is_visible(c.oid)  ORDER BY 2, 3;
SELECT c.relchecks, c.relkind, c.relhasindex, c.relhasrules, c.relhastriggers, c.relrowsecurity, c.relforcerowsecurity, c.relhasoids, pg_catalog.array_to_string(c.reloptions || array(select 'toast.' || x from pg_catalog.unnest(tc.reloptions) x), ', ')  , c.reltablespace, CASE WHEN c.reloftype = 0 THEN '' ELSE c.reloftype::pg_catalog.regtype::pg_catalog.text END, c.relpersistence, c.relreplident  FROM pg_catalog.pg_class c  LEFT JOIN pg_catalog.pg_class tc ON (c.reltoastrelid = tc.oid)  WHERE c.oid = '24293';
SELECT a.attname,  pg_catalog.format_type(a.atttypid, a.atttypmod),  (SELECT substring(pg_catalog.pg_get_expr(d.adbin, d.adrelid) for 128)  FROM pg_catalog.pg_attrdef d  WHERE d.adrelid = a.attrelid AND d.adnum = a.attnum AND a.atthasdef),  a.attnotnull, a.attnum,  (SELECT c.collname FROM pg_catalog.pg_collation c, pg_catalog.pg_type t  WHERE c.oid = a.attcollation AND t.oid = a.atttypid AND a.attcollation <> t.typcollation) AS attcollation,  NULL AS indexdef,  NULL AS attfdwoptions,  a.attstorage,  CASE WHEN a.attstattarget=-1 THEN NULL ELSE a.attstattarget END AS attstattarget, pg_catalog.col_description(a.attrelid, a.attnum)  FROM pg_catalog.pg_attribute a  WHERE a.attrelid = '24293' AND a.attnum > 0 AND NOT a.attisdropped  ORDER BY a.attnum;
SELECT c2.relname, i.indisprimary, i.indisunique, i.indisclustered, i.indisvalid, pg_catalog.pg_get_indexdef(i.indexrelid, 0, true),  pg_catalog.pg_get_constraintdef(con.oid, true), contype, condeferrable, condeferred, i.indisreplident, c2.reltablespace  FROM pg_catalog.pg_class c, pg_catalog.pg_class c2, pg_catalog.pg_index i  LEFT JOIN pg_catalog.pg_constraint con ON (conrelid = i.indrelid AND conindid = i.indexrelid AND contype IN ('p','u','x'))  WHERE c.oid = '24293' AND c.oid = i.indrelid AND i.indexrelid = c2.oid  ORDER BY i.indisprimary DESC, i.indisunique DESC, c2.relname;
SELECT conname,  pg_catalog.pg_get_constraintdef(r.oid, true) as condef  FROM pg_catalog.pg_constraint r  WHERE r.conrelid = '24293' AND r.contype = 'f' ORDER BY 1;
SELECT conname, conrelid::pg_catalog.regclass,  pg_catalog.pg_get_constraintdef(c.oid, true) as condef  FROM pg_catalog.pg_constraint c  WHERE c.confrelid = '24293' AND c.contype = 'f' ORDER BY 1;
SELECT pol.polname,  CASE WHEN pol.polroles = '{0}' THEN NULL ELSE pg_catalog.array_to_string(array(select rolname from pg_catalog.pg_roles where oid = any (pol.polroles) order by 1),',') END,  pg_catalog.pg_get_expr(pol.polqual, pol.polrelid),  pg_catalog.pg_get_expr(pol.polwithcheck, pol.polrelid),  CASE pol.polcmd  WHEN 'r' THEN 'SELECT'  WHEN 'a' THEN 'INSERT'  WHEN 'w' THEN 'UPDATE'  WHEN 'd' THEN 'DELETE'  WHEN '*' THEN 'ALL'  END AS cmd  FROM pg_catalog.pg_policy pol  WHERE pol.polrelid = '24293' ORDER BY 1;
SELECT t.tgname, pg_catalog.pg_get_triggerdef(t.oid, true), t.tgenabled, t.tgisinternal  FROM pg_catalog.pg_trigger t  WHERE t.tgrelid = '24293' AND (NOT t.tgisinternal OR (t.tgisinternal AND t.tgenabled = 'D'))  ORDER BY 1;
SELECT c.oid::pg_catalog.regclass FROM pg_catalog.pg_class c, pg_catalog.pg_inherits i WHERE c.oid=i.inhparent AND i.inhrelid = '24293' ORDER BY inhseqno;
SELECT c.oid::pg_catalog.regclass FROM pg_catalog.pg_class c, pg_catalog.pg_inherits i WHERE c.oid=i.inhrelid AND i.inhparent = '24293' ORDER BY c.oid::pg_catalog.regclass::pg_catalog.text;
SELECT c.oid,  n.nspname,  c.relname  FROM pg_catalog.pg_class c  LEFT JOIN pg_catalog.pg_namespace n ON n.oid = c.relnamespace  WHERE c.relname ~ '^(test_foreign_constraints)$'  AND pg_catalog.pg_table_is_visible(c.oid)  ORDER BY 2, 3;
SELECT c.relchecks, c.relkind, c.relhasindex, c.relhasrules, c.relhastriggers, c.relrowsecurity, c.relforcerowsecurity, c.relhasoids, pg_catalog.array_to_string(c.reloptions || array(select 'toast.' || x from pg_catalog.unnest(tc.reloptions) x), ', ')  , c.reltablespace, CASE WHEN c.reloftype = 0 THEN '' ELSE c.reloftype::pg_catalog.regtype::pg_catalog.text END, c.relpersistence, c.relreplident  FROM pg_catalog.pg_class c  LEFT JOIN pg_catalog.pg_class tc ON (c.reltoastrelid = tc.oid)  WHERE c.oid = '24298';
SELECT a.attname,  pg_catalog.format_type(a.atttypid, a.atttypmod),  (SELECT substring(pg_catalog.pg_get_expr(d.adbin, d.adrelid) for 128)  FROM pg_catalog.pg_attrdef d  WHERE d.adrelid = a.attrelid AND d.adnum = a.attnum AND a.atthasdef),  a.attnotnull, a.attnum,  (SELECT c.collname FROM pg_catalog.pg_collation c, pg_catalog.pg_type t  WHERE c.oid = a.attcollation AND t.oid = a.atttypid AND a.attcollation <> t.typcollation) AS attcollation,  NULL AS indexdef,  NULL AS attfdwoptions,  a.attstorage,  CASE WHEN a.attstattarget=-1 THEN NULL ELSE a.attstattarget END AS attstattarget, pg_catalog.col_description(a.attrelid, a.attnum)  FROM pg_catalog.pg_attribute a  WHERE a.attrelid = '24298' AND a.attnum > 0 AND NOT a.attisdropped  ORDER BY a.attnum;
SELECT conname,  pg_catalog.pg_get_constraintdef(r.oid, true) as condef  FROM pg_catalog.pg_constraint r  WHERE r.conrelid = '24298' AND r.contype = 'f' ORDER BY 1;
SELECT conname, conrelid::pg_catalog.regclass,  pg_catalog.pg_get_constraintdef(c.oid, true) as condef  FROM pg_catalog.pg_constraint c  WHERE c.confrelid = '24298' AND c.contype = 'f' ORDER BY 1;
SELECT pol.polname,  CASE WHEN pol.polroles = '{0}' THEN NULL ELSE pg_catalog.array_to_string(array(select rolname from pg_catalog.pg_roles where oid = any (pol.polroles) order by 1),',') END,  pg_catalog.pg_get_expr(pol.polqual, pol.polrelid),  pg_catalog.pg_get_expr(pol.polwithcheck, pol.polrelid),  CASE pol.polcmd  WHEN 'r' THEN 'SELECT'  WHEN 'a' THEN 'INSERT'  WHEN 'w' THEN 'UPDATE'  WHEN 'd' THEN 'DELETE'  WHEN '*' THEN 'ALL'  END AS cmd  FROM pg_catalog.pg_policy pol  WHERE pol.polrelid = '24298' ORDER BY 1;
SELECT t.tgname, pg_catalog.pg_get_triggerdef(t.oid, true), t.tgenabled, t.tgisinternal  FROM pg_catalog.pg_trigger t  WHERE t.tgrelid = '24298' AND (NOT t.tgisinternal OR (t.tgisinternal AND t.tgenabled = 'D'))  ORDER BY 1;
SELECT c.oid::pg_catalog.regclass FROM pg_catalog.pg_class c, pg_catalog.pg_inherits i WHERE c.oid=i.inhparent AND i.inhrelid = '24298' ORDER BY inhseqno;
SELECT c.oid::pg_catalog.regclass FROM pg_catalog.pg_class c, pg_catalog.pg_inherits i WHERE c.oid=i.inhrelid AND i.inhparent = '24298' ORDER BY c.oid::pg_catalog.regclass::pg_catalog.text;
ALTER TABLE test_foreign_constraints DROP CONSTRAINT test_foreign_constraints_id1_fkey;
SELECT c.oid,  n.nspname,  c.relname  FROM pg_catalog.pg_class c  LEFT JOIN pg_catalog.pg_namespace n ON n.oid = c.relnamespace  WHERE c.relname ~ '^(test_foreign_constraints)$'  AND pg_catalog.pg_table_is_visible(c.oid)  ORDER BY 2, 3;
SELECT c.relchecks, c.relkind, c.relhasindex, c.relhasrules, c.relhastriggers, c.relrowsecurity, c.relforcerowsecurity, c.relhasoids, pg_catalog.array_to_string(c.reloptions || array(select 'toast.' || x from pg_catalog.unnest(tc.reloptions) x), ', ')  , c.reltablespace, CASE WHEN c.reloftype = 0 THEN '' ELSE c.reloftype::pg_catalog.regtype::pg_catalog.text END, c.relpersistence, c.relreplident  FROM pg_catalog.pg_class c  LEFT JOIN pg_catalog.pg_class tc ON (c.reltoastrelid = tc.oid)  WHERE c.oid = '24298';
SELECT a.attname,  pg_catalog.format_type(a.atttypid, a.atttypmod),  (SELECT substring(pg_catalog.pg_get_expr(d.adbin, d.adrelid) for 128)  FROM pg_catalog.pg_attrdef d  WHERE d.adrelid = a.attrelid AND d.adnum = a.attnum AND a.atthasdef),  a.attnotnull, a.attnum,  (SELECT c.collname FROM pg_catalog.pg_collation c, pg_catalog.pg_type t  WHERE c.oid = a.attcollation AND t.oid = a.atttypid AND a.attcollation <> t.typcollation) AS attcollation,  NULL AS indexdef,  NULL AS attfdwoptions,  a.attstorage,  CASE WHEN a.attstattarget=-1 THEN NULL ELSE a.attstattarget END AS attstattarget, pg_catalog.col_description(a.attrelid, a.attnum)  FROM pg_catalog.pg_attribute a  WHERE a.attrelid = '24298' AND a.attnum > 0 AND NOT a.attisdropped  ORDER BY a.attnum;
SELECT conname,  pg_catalog.pg_get_constraintdef(r.oid, true) as condef  FROM pg_catalog.pg_constraint r  WHERE r.conrelid = '24298' AND r.contype = 'f' ORDER BY 1;
SELECT conname, conrelid::pg_catalog.regclass,  pg_catalog.pg_get_constraintdef(c.oid, true) as condef  FROM pg_catalog.pg_constraint c  WHERE c.confrelid = '24298' AND c.contype = 'f' ORDER BY 1;
SELECT pol.polname,  CASE WHEN pol.polroles = '{0}' THEN NULL ELSE pg_catalog.array_to_string(array(select rolname from pg_catalog.pg_roles where oid = any (pol.polroles) order by 1),',') END,  pg_catalog.pg_get_expr(pol.polqual, pol.polrelid),  pg_catalog.pg_get_expr(pol.polwithcheck, pol.polrelid),  CASE pol.polcmd  WHEN 'r' THEN 'SELECT'  WHEN 'a' THEN 'INSERT'  WHEN 'w' THEN 'UPDATE'  WHEN 'd' THEN 'DELETE'  WHEN '*' THEN 'ALL'  END AS cmd  FROM pg_catalog.pg_policy pol  WHERE pol.polrelid = '24298' ORDER BY 1;
SELECT t.tgname, pg_catalog.pg_get_triggerdef(t.oid, true), t.tgenabled, t.tgisinternal  FROM pg_catalog.pg_trigger t  WHERE t.tgrelid = '24298' AND (NOT t.tgisinternal OR (t.tgisinternal AND t.tgenabled = 'D'))  ORDER BY 1;
SELECT c.oid::pg_catalog.regclass FROM pg_catalog.pg_class c, pg_catalog.pg_inherits i WHERE c.oid=i.inhparent AND i.inhrelid = '24298' ORDER BY inhseqno;
SELECT c.oid::pg_catalog.regclass FROM pg_catalog.pg_class c, pg_catalog.pg_inherits i WHERE c.oid=i.inhrelid AND i.inhparent = '24298' ORDER BY c.oid::pg_catalog.regclass::pg_catalog.text;
SELECT c.oid,  n.nspname,  c.relname  FROM pg_catalog.pg_class c  LEFT JOIN pg_catalog.pg_namespace n ON n.oid = c.relnamespace  WHERE c.relname ~ '^(test_foreign_constraints_inh)$'  AND pg_catalog.pg_table_is_visible(c.oid)  ORDER BY 2, 3;
SELECT c.relchecks, c.relkind, c.relhasindex, c.relhasrules, c.relhastriggers, c.relrowsecurity, c.relforcerowsecurity, c.relhasoids, pg_catalog.array_to_string(c.reloptions || array(select 'toast.' || x from pg_catalog.unnest(tc.reloptions) x), ', ')  , c.reltablespace, CASE WHEN c.reloftype = 0 THEN '' ELSE c.reloftype::pg_catalog.regtype::pg_catalog.text END, c.relpersistence, c.relreplident  FROM pg_catalog.pg_class c  LEFT JOIN pg_catalog.pg_class tc ON (c.reltoastrelid = tc.oid)  WHERE c.oid = '24306';
SELECT a.attname,  pg_catalog.format_type(a.atttypid, a.atttypmod),  (SELECT substring(pg_catalog.pg_get_expr(d.adbin, d.adrelid) for 128)  FROM pg_catalog.pg_attrdef d  WHERE d.adrelid = a.attrelid AND d.adnum = a.attnum AND a.atthasdef),  a.attnotnull, a.attnum,  (SELECT c.collname FROM pg_catalog.pg_collation c, pg_catalog.pg_type t  WHERE c.oid = a.attcollation AND t.oid = a.atttypid AND a.attcollation <> t.typcollation) AS attcollation,  NULL AS indexdef,  NULL AS attfdwoptions,  a.attstorage,  CASE WHEN a.attstattarget=-1 THEN NULL ELSE a.attstattarget END AS attstattarget, pg_catalog.col_description(a.attrelid, a.attnum)  FROM pg_catalog.pg_attribute a  WHERE a.attrelid = '24306' AND a.attnum > 0 AND NOT a.attisdropped  ORDER BY a.attnum;
SELECT pol.polname,  CASE WHEN pol.polroles = '{0}' THEN NULL ELSE pg_catalog.array_to_string(array(select rolname from pg_catalog.pg_roles where oid = any (pol.polroles) order by 1),',') END,  pg_catalog.pg_get_expr(pol.polqual, pol.polrelid),  pg_catalog.pg_get_expr(pol.polwithcheck, pol.polrelid),  CASE pol.polcmd  WHEN 'r' THEN 'SELECT'  WHEN 'a' THEN 'INSERT'  WHEN 'w' THEN 'UPDATE'  WHEN 'd' THEN 'DELETE'  WHEN '*' THEN 'ALL'  END AS cmd  FROM pg_catalog.pg_policy pol  WHERE pol.polrelid = '24306' ORDER BY 1;
SELECT c.oid::pg_catalog.regclass FROM pg_catalog.pg_class c, pg_catalog.pg_inherits i WHERE c.oid=i.inhparent AND i.inhrelid = '24306' ORDER BY inhseqno;
SELECT c.oid::pg_catalog.regclass FROM pg_catalog.pg_class c, pg_catalog.pg_inherits i WHERE c.oid=i.inhrelid AND i.inhparent = '24306' ORDER BY c.oid::pg_catalog.regclass::pg_catalog.text;
DROP TABLE test_foreign_constraints_inh;
DROP TABLE test_foreign_constraints;
DROP TABLE test_primary_constraints;
create table p1(f1 int);
create table p1_c1() inherits(p1);
alter table p1 add constraint inh_check_constraint1 check (f1 > 0);
alter table p1_c1 add constraint inh_check_constraint1 check (f1 > 0);
alter table p1_c1 add constraint inh_check_constraint2 check (f1 < 10);
alter table p1 add constraint inh_check_constraint2 check (f1 < 10);
select conrelid::regclass::text as relname, conname, conislocal, coninhcount  from pg_constraint where conname like 'inh\_check\_constraint%'  order by 1, 2;
drop table p1 cascade;
create table invalid_check_con(f1 int);
create table invalid_check_con_child() inherits(invalid_check_con);
alter table invalid_check_con_child add constraint inh_check_constraint check(f1 > 0) not valid;
alter table invalid_check_con add constraint inh_check_constraint check(f1 > 0);
alter table invalid_check_con_child drop constraint inh_check_constraint;
insert into invalid_check_con values(0);
alter table invalid_check_con_child add constraint inh_check_constraint check(f1 > 0);
alter table invalid_check_con add constraint inh_check_constraint check(f1 > 0) not valid;
insert into invalid_check_con values(0);
insert into invalid_check_con_child values(0);
select conrelid::regclass::text as relname, conname,  convalidated, conislocal, coninhcount, connoinherit  from pg_constraint where conname like 'inh\_check\_constraint%'  order by 1, 2;
create temp table patest0 (id, x) as  select x, x from generate_series(0,1000) x;
create temp table patest1() inherits (patest0);
insert into patest1  select x, x from generate_series(0,1000) x;
create temp table patest2() inherits (patest0);
insert into patest2  select x, x from generate_series(0,1000) x;
create index patest0i on patest0(id);
create index patest1i on patest1(id);
create index patest2i on patest2(id);
analyze patest0;
analyze patest1;
analyze patest2;
explain (costs off)  select * from patest0 join (select f1 from int4_tbl limit 1) ss on id = f1;
select * from patest0 join (select f1 from int4_tbl limit 1) ss on id = f1;
drop index patest2i;
explain (costs off)  select * from patest0 join (select f1 from int4_tbl limit 1) ss on id = f1;
select * from patest0 join (select f1 from int4_tbl limit 1) ss on id = f1;
drop table patest0 cascade;
create table matest0 (id serial primary key, name text);
create table matest1 (id integer primary key) inherits (matest0);
create table matest2 (id integer primary key) inherits (matest0);
create table matest3 (id integer primary key) inherits (matest0);
create index matest0i on matest0 ((1-id));
create index matest1i on matest1 ((1-id));
create index matest3i on matest3 ((1-id));
insert into matest1 (name) values ('Test 1');
insert into matest1 (name) values ('Test 2');
insert into matest2 (name) values ('Test 3');
insert into matest2 (name) values ('Test 4');
insert into matest3 (name) values ('Test 5');
insert into matest3 (name) values ('Test 6');
set enable_indexscan = off;
explain (verbose, costs off) select * from matest0 order by 1-id;
select * from matest0 order by 1-id;
explain (verbose, costs off) select min(1-id) from matest0;
select min(1-id) from matest0;
reset enable_indexscan;
set enable_seqscan = off;
explain (verbose, costs off) select * from matest0 order by 1-id;
select * from matest0 order by 1-id;
explain (verbose, costs off) select min(1-id) from matest0;
select min(1-id) from matest0;
reset enable_seqscan;
drop table matest0 cascade;
create table matest0 (a int, b int, c int, d int);
create table matest1 () inherits(matest0);
create index matest0i on matest0 (b, c);
create index matest1i on matest1 (b, c);
set enable_nestloop = off;
explain (costs off)  select t1.* from matest0 t1, matest0 t2  where t1.b = t2.b and t2.c = t2.d  order by t1.b limit 10;
reset enable_nestloop;
drop table matest0 cascade;
set enable_seqscan = off;
set enable_indexscan = on;
set enable_bitmapscan = off;
explain (costs off)  SELECT thousand, tenthous FROM tenk1  UNION ALL  SELECT thousand, thousand FROM tenk1  ORDER BY thousand, tenthous;
explain (costs off)  SELECT thousand, tenthous, thousand+tenthous AS x FROM tenk1  UNION ALL  SELECT 42, 42, hundred FROM tenk1  ORDER BY thousand, tenthous;
explain (costs off)  SELECT thousand, tenthous FROM tenk1  UNION ALL  SELECT thousand, random()::integer FROM tenk1  ORDER BY thousand, tenthous;
explain (costs off)  SELECT min(x) FROM  (SELECT unique1 AS x FROM tenk1 a  UNION ALL  SELECT unique2 AS x FROM tenk1 b) s;
explain (costs off)  SELECT min(y) FROM  (SELECT unique1 AS x, unique1 AS y FROM tenk1 a  UNION ALL  SELECT unique2 AS x, unique2 AS y FROM tenk1 b) s;
explain (costs off)  SELECT x, y FROM  (SELECT thousand AS x, tenthous AS y FROM tenk1 a  UNION ALL  SELECT unique2 AS x, unique2 AS y FROM tenk1 b) s  ORDER BY x, y;
explain (costs off)  SELECT  ARRAY(SELECT f.i FROM (  (SELECT d + g.i FROM generate_series(4, 30, 3) d ORDER BY 1)  UNION ALL  (SELECT d + g.i FROM generate_series(0, 30, 5) d ORDER BY 1)  ) f(i)  ORDER BY f.i LIMIT 10)  FROM generate_series(1, 3) g(i);
SELECT  ARRAY(SELECT f.i FROM (  (SELECT d + g.i FROM generate_series(4, 30, 3) d ORDER BY 1)  UNION ALL  (SELECT d + g.i FROM generate_series(0, 30, 5) d ORDER BY 1)  ) f(i)  ORDER BY f.i LIMIT 10)  FROM generate_series(1, 3) g(i);
reset enable_seqscan;
reset enable_indexscan;
reset enable_bitmapscan;
